Input file /home/andrew91411/CPU_2DES/2d_input/key_-600_0_debye_100pulse.key does not exist!
Input file /home/andrew91411/CPU_2DES/2d_input/key_-590_0_debye_100pulse.key does not exist!
Input file /home/andrew91411/CPU_2DES/2d_input/key_-580_0_debye_100pulse.key does not exist!
Input file /home/andrew91411/CPU_2DES/2d_input/key_-570_0_debye_100pulse.key does not exist!
Input file /home/andrew91411/CPU_2DES/2d_input/key_-560_0_debye_100pulse.key does not exist!
Input file /home/andrew91411/CPU_2DES/2d_input/key_-550_0_debye_100pulse.key does not exist!
Input file /home/andrew91411/CPU_2DES/2d_input/key_-540_0_debye_100pulse.key does not exist!
Input file /home/andrew91411/CPU_2DES/2d_input/key_-530_0_debye_100pulse.key does not exist!
Input file /home/andrew91411/CPU_2DES/2d_input/key_-520_0_debye_100pulse.key does not exist!
Input file /home/andrew91411/CPU_2DES/2d_input/key_-510_0_debye_100pulse.key does not exist!
Input file /home/andrew91411/CPU_2DES/2d_input/key_-500_0_debye_100pulse.key does not exist!
Input file /home/andrew91411/CPU_2DES/2d_input/key_-490_0_debye_100pulse.key does not exist!
Input file /home/andrew91411/CPU_2DES/2d_input/key_-480_0_debye_100pulse.key does not exist!
Input file /home/andrew91411/CPU_2DES/2d_input/key_-470_0_debye_100pulse.key does not exist!
Input file /home/andrew91411/CPU_2DES/2d_input/key_-460_0_debye_100pulse.key does not exist!
Input file /home/andrew91411/CPU_2DES/2d_input/key_-450_0_debye_100pulse.key does not exist!
Input file /home/andrew91411/CPU_2DES/2d_input/key_-440_0_debye_100pulse.key does not exist!
Input file /home/andrew91411/CPU_2DES/2d_input/key_-430_0_debye_100pulse.key does not exist!
Input file /home/andrew91411/CPU_2DES/2d_input/key_-420_0_debye_100pulse.key does not exist!
Input file /home/andrew91411/CPU_2DES/2d_input/key_-410_0_debye_100pulse.key does not exist!
Input file /home/andrew91411/CPU_2DES/2d_input/key_-400_0_debye_100pulse.key does not exist!
Input file /home/andrew91411/CPU_2DES/2d_input/key_-390_0_debye_100pulse.key does not exist!
Input file /home/andrew91411/CPU_2DES/2d_input/key_-380_0_debye_100pulse.key does not exist!
Input file /home/andrew91411/CPU_2DES/2d_input/key_-370_0_debye_100pulse.key does not exist!
Input file /home/andrew91411/CPU_2DES/2d_input/key_-360_0_debye_100pulse.key does not exist!
Input file /home/andrew91411/CPU_2DES/2d_input/key_-350_0_debye_100pulse.key does not exist!
Input file /home/andrew91411/CPU_2DES/2d_input/key_-340_0_debye_100pulse.key does not exist!
Input file /home/andrew91411/CPU_2DES/2d_input/key_-330_0_debye_100pulse.key does not exist!
Input file /home/andrew91411/CPU_2DES/2d_input/key_-320_0_debye_100pulse.key does not exist!
Input file /home/andrew91411/CPU_2DES/2d_input/key_-310_0_debye_100pulse.key does not exist!
Input file /home/andrew91411/CPU_2DES/2d_input/key_-300_0_debye_100pulse.key does not exist!
Input file /home/andrew91411/CPU_2DES/2d_input/key_-290_0_debye_100pulse.key does not exist!
Input file /home/andrew91411/CPU_2DES/2d_input/key_-280_0_debye_100pulse.key does not exist!
Input file /home/andrew91411/CPU_2DES/2d_input/key_-270_0_debye_100pulse.key does not exist!
Input file /home/andrew91411/CPU_2DES/2d_input/key_-260_0_debye_100pulse.key does not exist!
Input file /home/andrew91411/CPU_2DES/2d_input/key_-250_0_debye_100pulse.key does not exist!
Input file /home/andrew91411/CPU_2DES/2d_input/key_-240_0_debye_100pulse.key does not exist!
Input file /home/andrew91411/CPU_2DES/2d_input/key_-230_0_debye_100pulse.key does not exist!
Input file /home/andrew91411/CPU_2DES/2d_input/key_-220_0_debye_100pulse.key does not exist!
Input file /home/andrew91411/CPU_2DES/2d_input/key_-210_0_debye_100pulse.key does not exist!
Input file /home/andrew91411/CPU_2DES/2d_input/key_-200_0_debye_100pulse.key does not exist!
Input file /home/andrew91411/CPU_2DES/2d_input/key_-190_0_debye_100pulse.key does not exist!
Input file /home/andrew91411/CPU_2DES/2d_input/key_-180_0_debye_100pulse.key does not exist!
Input file /home/andrew91411/CPU_2DES/2d_input/key_-170_0_debye_100pulse.key does not exist!
Input file /home/andrew91411/CPU_2DES/2d_input/key_-160_0_debye_100pulse.key does not exist!
Input file /home/andrew91411/CPU_2DES/2d_input/key_-150_0_debye_100pulse.key does not exist!
Input file /home/andrew91411/CPU_2DES/2d_input/key_-140_0_debye_100pulse.key does not exist!
Input file /home/andrew91411/CPU_2DES/2d_input/key_-130_0_debye_100pulse.key does not exist!
Input file /home/andrew91411/CPU_2DES/2d_input/key_-120_0_debye_100pulse.key does not exist!
Input file /home/andrew91411/CPU_2DES/2d_input/key_-110_0_debye_100pulse.key does not exist!
Input file /home/andrew91411/CPU_2DES/2d_input/key_-100_0_debye_100pulse.key does not exist!
Input file /home/andrew91411/CPU_2DES/2d_input/key_-90_0_debye_100pulse.key does not exist!
Input file /home/andrew91411/CPU_2DES/2d_input/key_-80_0_debye_100pulse.key does not exist!
Input file /home/andrew91411/CPU_2DES/2d_input/key_-70_0_debye_100pulse.key does not exist!
Input file /home/andrew91411/CPU_2DES/2d_input/key_-60_0_debye_100pulse.key does not exist!
Input file /home/andrew91411/CPU_2DES/2d_input/key_-50_0_debye_100pulse.key does not exist!
Input file /home/andrew91411/CPU_2DES/2d_input/key_-40_0_debye_100pulse.key does not exist!
Input file /home/andrew91411/CPU_2DES/2d_input/key_-30_0_debye_100pulse.key does not exist!
Input file /home/andrew91411/CPU_2DES/2d_input/key_-20_0_debye_100pulse.key does not exist!
Input file /home/andrew91411/CPU_2DES/2d_input/key_-10_0_debye_100pulse.key does not exist!
Input file /home/andrew91411/CPU_2DES/2d_input/key_0_0_debye_100pulse.key does not exist!
Input file /home/andrew91411/CPU_2DES/2d_input/key_10_0_debye_100pulse.key does not exist!
Input file /home/andrew91411/CPU_2DES/2d_input/key_20_0_debye_100pulse.key does not exist!
Input file /home/andrew91411/CPU_2DES/2d_input/key_30_0_debye_100pulse.key does not exist!
Input file /home/andrew91411/CPU_2DES/2d_input/key_40_0_debye_100pulse.key does not exist!
Input file /home/andrew91411/CPU_2DES/2d_input/key_50_0_debye_100pulse.key does not exist!
Input file /home/andrew91411/CPU_2DES/2d_input/key_60_0_debye_100pulse.key does not exist!
Input file /home/andrew91411/CPU_2DES/2d_input/key_70_0_debye_100pulse.key does not exist!
Input file /home/andrew91411/CPU_2DES/2d_input/key_80_0_debye_100pulse.key does not exist!
Input file /home/andrew91411/CPU_2DES/2d_input/key_90_0_debye_100pulse.key does not exist!
Input file /home/andrew91411/CPU_2DES/2d_input/key_100_0_debye_100pulse.key does not exist!
Input file /home/andrew91411/CPU_2DES/2d_input/key_110_0_debye_100pulse.key does not exist!
Input file /home/andrew91411/CPU_2DES/2d_input/key_120_0_debye_100pulse.key does not exist!
Input file /home/andrew91411/CPU_2DES/2d_input/key_130_0_debye_100pulse.key does not exist!
Input file /home/andrew91411/CPU_2DES/2d_input/key_140_0_debye_100pulse.key does not exist!
Input file /home/andrew91411/CPU_2DES/2d_input/key_150_0_debye_100pulse.key does not exist!
Input file /home/andrew91411/CPU_2DES/2d_input/key_160_0_debye_100pulse.key does not exist!
Input file /home/andrew91411/CPU_2DES/2d_input/key_170_0_debye_100pulse.key does not exist!
Input file /home/andrew91411/CPU_2DES/2d_input/key_180_0_debye_100pulse.key does not exist!
Input file /home/andrew91411/CPU_2DES/2d_input/key_190_0_debye_100pulse.key does not exist!
Input file /home/andrew91411/CPU_2DES/2d_input/key_200_0_debye_100pulse.key does not exist!
Input file /home/andrew91411/CPU_2DES/2d_input/key_210_0_debye_100pulse.key does not exist!
Input file /home/andrew91411/CPU_2DES/2d_input/key_220_0_debye_100pulse.key does not exist!
Input file /home/andrew91411/CPU_2DES/2d_input/key_230_0_debye_100pulse.key does not exist!
Input file /home/andrew91411/CPU_2DES/2d_input/key_240_0_debye_100pulse.key does not exist!
Input file /home/andrew91411/CPU_2DES/2d_input/key_250_0_debye_100pulse.key does not exist!
Input file /home/andrew91411/CPU_2DES/2d_input/key_260_0_debye_100pulse.key does not exist!
Input file /home/andrew91411/CPU_2DES/2d_input/key_270_0_debye_100pulse.key does not exist!
Input file /home/andrew91411/CPU_2DES/2d_input/key_280_0_debye_100pulse.key does not exist!
Input file /home/andrew91411/CPU_2DES/2d_input/key_290_0_debye_100pulse.key does not exist!
Input file /home/andrew91411/CPU_2DES/2d_input/key_300_0_debye_100pulse.key does not exist!
Input file /home/andrew91411/CPU_2DES/2d_input/key_310_0_debye_100pulse.key does not exist!
Input file /home/andrew91411/CPU_2DES/2d_input/key_320_0_debye_100pulse.key does not exist!
Input file /home/andrew91411/CPU_2DES/2d_input/key_330_0_debye_100pulse.key does not exist!
Input file /home/andrew91411/CPU_2DES/2d_input/key_340_0_debye_100pulse.key does not exist!
Input file /home/andrew91411/CPU_2DES/2d_input/key_350_0_debye_100pulse.key does not exist!
Input file /home/andrew91411/CPU_2DES/2d_input/key_360_0_debye_100pulse.key does not exist!
Input file /home/andrew91411/CPU_2DES/2d_input/key_370_0_debye_100pulse.key does not exist!
Input file /home/andrew91411/CPU_2DES/2d_input/key_380_0_debye_100pulse.key does not exist!
Input file /home/andrew91411/CPU_2DES/2d_input/key_390_0_debye_100pulse.key does not exist!
Input file /home/andrew91411/CPU_2DES/2d_input/key_400_0_debye_100pulse.key does not exist!
Input file /home/andrew91411/CPU_2DES/2d_input/key_410_0_debye_100pulse.key does not exist!
Input file /home/andrew91411/CPU_2DES/2d_input/key_420_0_debye_100pulse.key does not exist!
Input file /home/andrew91411/CPU_2DES/2d_input/key_430_0_debye_100pulse.key does not exist!
Input file /home/andrew91411/CPU_2DES/2d_input/key_440_0_debye_100pulse.key does not exist!
Input file /home/andrew91411/CPU_2DES/2d_input/key_450_0_debye_100pulse.key does not exist!
Input file /home/andrew91411/CPU_2DES/2d_input/key_460_0_debye_100pulse.key does not exist!
Input file /home/andrew91411/CPU_2DES/2d_input/key_470_0_debye_100pulse.key does not exist!
Input file /home/andrew91411/CPU_2DES/2d_input/key_480_0_debye_100pulse.key does not exist!
Input file /home/andrew91411/CPU_2DES/2d_input/key_490_0_debye_100pulse.key does not exist!
Input file /home/andrew91411/CPU_2DES/2d_input/key_500_0_debye_100pulse.key does not exist!
Input file /home/andrew91411/CPU_2DES/2d_input/key_510_0_debye_100pulse.key does not exist!
Input file /home/andrew91411/CPU_2DES/2d_input/key_520_0_debye_100pulse.key does not exist!
Input file /home/andrew91411/CPU_2DES/2d_input/key_530_0_debye_100pulse.key does not exist!
Input file /home/andrew91411/CPU_2DES/2d_input/key_540_0_debye_100pulse.key does not exist!
Input file /home/andrew91411/CPU_2DES/2d_input/key_550_0_debye_100pulse.key does not exist!
Input file /home/andrew91411/CPU_2DES/2d_input/key_560_0_debye_100pulse.key does not exist!
Input file /home/andrew91411/CPU_2DES/2d_input/key_570_0_debye_100pulse.key does not exist!
Input file /home/andrew91411/CPU_2DES/2d_input/key_580_0_debye_100pulse.key does not exist!
Input file /home/andrew91411/CPU_2DES/2d_input/key_590_0_debye_100pulse.key does not exist!
Input file /home/andrew91411/CPU_2DES/2d_input/key_600_0_debye_100pulse.key does not exist!
Input file /home/andrew91411/CPU_2DES/2d_input/key_-600_0_debye_100pulse.key does not exist!
Input file /home/andrew91411/CPU_2DES/2d_input/key_-590_0_debye_100pulse.key does not exist!
Input file /home/andrew91411/CPU_2DES/2d_input/key_-580_0_debye_100pulse.key does not exist!
Input file /home/andrew91411/CPU_2DES/2d_input/key_-570_0_debye_100pulse.key does not exist!
Input file /home/andrew91411/CPU_2DES/2d_input/key_-560_0_debye_100pulse.key does not exist!
Input file /home/andrew91411/CPU_2DES/2d_input/key_-550_0_debye_100pulse.key does not exist!
Input file /home/andrew91411/CPU_2DES/2d_input/key_-540_0_debye_100pulse.key does not exist!
Input file /home/andrew91411/CPU_2DES/2d_input/key_-530_0_debye_100pulse.key does not exist!
Input file /home/andrew91411/CPU_2DES/2d_input/key_-520_0_debye_100pulse.key does not exist!
Input file /home/andrew91411/CPU_2DES/2d_input/key_-510_0_debye_100pulse.key does not exist!
Input file /home/andrew91411/CPU_2DES/2d_input/key_-500_0_debye_100pulse.key does not exist!
Input file /home/andrew91411/CPU_2DES/2d_input/key_-490_0_debye_100pulse.key does not exist!
Input file /home/andrew91411/CPU_2DES/2d_input/key_-480_0_debye_100pulse.key does not exist!
Input file /home/andrew91411/CPU_2DES/2d_input/key_-470_0_debye_100pulse.key does not exist!
Input file /home/andrew91411/CPU_2DES/2d_input/key_-460_0_debye_100pulse.key does not exist!
Input file /home/andrew91411/CPU_2DES/2d_input/key_-450_0_debye_100pulse.key does not exist!
Input file /home/andrew91411/CPU_2DES/2d_input/key_-440_0_debye_100pulse.key does not exist!
Input file /home/andrew91411/CPU_2DES/2d_input/key_-430_0_debye_100pulse.key does not exist!
Input file /home/andrew91411/CPU_2DES/2d_input/key_-420_0_debye_100pulse.key does not exist!
Input file /home/andrew91411/CPU_2DES/2d_input/key_-410_0_debye_100pulse.key does not exist!
Input file /home/andrew91411/CPU_2DES/2d_input/key_-400_0_debye_100pulse.key does not exist!
Input file /home/andrew91411/CPU_2DES/2d_input/key_-390_0_debye_100pulse.key does not exist!
Input file /home/andrew91411/CPU_2DES/2d_input/key_-380_0_debye_100pulse.key does not exist!
Input file /home/andrew91411/CPU_2DES/2d_input/key_-370_0_debye_100pulse.key does not exist!
Input file /home/andrew91411/CPU_2DES/2d_input/key_-360_0_debye_100pulse.key does not exist!
Input file /home/andrew91411/CPU_2DES/2d_input/key_-350_0_debye_100pulse.key does not exist!
Input file /home/andrew91411/CPU_2DES/2d_input/key_-340_0_debye_100pulse.key does not exist!
Input file /home/andrew91411/CPU_2DES/2d_input/key_-330_0_debye_100pulse.key does not exist!
Input file /home/andrew91411/CPU_2DES/2d_input/key_-320_0_debye_100pulse.key does not exist!
Input file /home/andrew91411/CPU_2DES/2d_input/key_-310_0_debye_100pulse.key does not exist!
Input file /home/andrew91411/CPU_2DES/2d_input/key_-300_0_debye_100pulse.key does not exist!
Input file /home/andrew91411/CPU_2DES/2d_input/key_-290_0_debye_100pulse.key does not exist!
Input file /home/andrew91411/CPU_2DES/2d_input/key_-280_0_debye_100pulse.key does not exist!
Input file /home/andrew91411/CPU_2DES/2d_input/key_-270_0_debye_100pulse.key does not exist!
Input file /home/andrew91411/CPU_2DES/2d_input/key_-260_0_debye_100pulse.key does not exist!
Input file /home/andrew91411/CPU_2DES/2d_input/key_-250_0_debye_100pulse.key does not exist!
Input file /home/andrew91411/CPU_2DES/2d_input/key_-240_0_debye_100pulse.key does not exist!
Input file /home/andrew91411/CPU_2DES/2d_input/key_-230_0_debye_100pulse.key does not exist!
Input file /home/andrew91411/CPU_2DES/2d_input/key_-220_0_debye_100pulse.key does not exist!
Input file /home/andrew91411/CPU_2DES/2d_input/key_-210_0_debye_100pulse.key does not exist!
Input file /home/andrew91411/CPU_2DES/2d_input/key_-200_0_debye_100pulse.key does not exist!
Input file /home/andrew91411/CPU_2DES/2d_input/key_-190_0_debye_100pulse.key does not exist!
Input file /home/andrew91411/CPU_2DES/2d_input/key_-180_0_debye_100pulse.key does not exist!
Input file /home/andrew91411/CPU_2DES/2d_input/key_-170_0_debye_100pulse.key does not exist!
Input file /home/andrew91411/CPU_2DES/2d_input/key_-160_0_debye_100pulse.key does not exist!
Input file /home/andrew91411/CPU_2DES/2d_input/key_-150_0_debye_100pulse.key does not exist!
Input file /home/andrew91411/CPU_2DES/2d_input/key_-140_0_debye_100pulse.key does not exist!
Input file /home/andrew91411/CPU_2DES/2d_input/key_-130_0_debye_100pulse.key does not exist!
Input file /home/andrew91411/CPU_2DES/2d_input/key_-120_0_debye_100pulse.key does not exist!
Input file /home/andrew91411/CPU_2DES/2d_input/key_-110_0_debye_100pulse.key does not exist!
Input file /home/andrew91411/CPU_2DES/2d_input/key_-100_0_debye_100pulse.key does not exist!
Input file /home/andrew91411/CPU_2DES/2d_input/key_-90_0_debye_100pulse.key does not exist!
Input file /home/andrew91411/CPU_2DES/2d_input/key_-80_0_debye_100pulse.key does not exist!
Input file /home/andrew91411/CPU_2DES/2d_input/key_-70_0_debye_100pulse.key does not exist!
Input file /home/andrew91411/CPU_2DES/2d_input/key_-60_0_debye_100pulse.key does not exist!
Input file /home/andrew91411/CPU_2DES/2d_input/key_-50_0_debye_100pulse.key does not exist!
Input file /home/andrew91411/CPU_2DES/2d_input/key_-40_0_debye_100pulse.key does not exist!
Input file /home/andrew91411/CPU_2DES/2d_input/key_-30_0_debye_100pulse.key does not exist!
Input file /home/andrew91411/CPU_2DES/2d_input/key_-20_0_debye_100pulse.key does not exist!
Input file /home/andrew91411/CPU_2DES/2d_input/key_-10_0_debye_100pulse.key does not exist!
Input file /home/andrew91411/CPU_2DES/2d_input/key_0_0_debye_100pulse.key does not exist!
Input file /home/andrew91411/CPU_2DES/2d_input/key_10_0_debye_100pulse.key does not exist!
Input file /home/andrew91411/CPU_2DES/2d_input/key_20_0_debye_100pulse.key does not exist!
Input file /home/andrew91411/CPU_2DES/2d_input/key_30_0_debye_100pulse.key does not exist!
Input file /home/andrew91411/CPU_2DES/2d_input/key_40_0_debye_100pulse.key does not exist!
Input file /home/andrew91411/CPU_2DES/2d_input/key_50_0_debye_100pulse.key does not exist!
Input file /home/andrew91411/CPU_2DES/2d_input/key_60_0_debye_100pulse.key does not exist!
Input file /home/andrew91411/CPU_2DES/2d_input/key_70_0_debye_100pulse.key does not exist!
Input file /home/andrew91411/CPU_2DES/2d_input/key_80_0_debye_100pulse.key does not exist!
Input file /home/andrew91411/CPU_2DES/2d_input/key_90_0_debye_100pulse.key does not exist!
Input file /home/andrew91411/CPU_2DES/2d_input/key_100_0_debye_100pulse.key does not exist!
Input file /home/andrew91411/CPU_2DES/2d_input/key_110_0_debye_100pulse.key does not exist!
Input file /home/andrew91411/CPU_2DES/2d_input/key_120_0_debye_100pulse.key does not exist!
Input file /home/andrew91411/CPU_2DES/2d_input/key_130_0_debye_100pulse.key does not exist!
Input file /home/andrew91411/CPU_2DES/2d_input/key_140_0_debye_100pulse.key does not exist!
Input file /home/andrew91411/CPU_2DES/2d_input/key_150_0_debye_100pulse.key does not exist!
Input file /home/andrew91411/CPU_2DES/2d_input/key_160_0_debye_100pulse.key does not exist!
Input file /home/andrew91411/CPU_2DES/2d_input/key_170_0_debye_100pulse.key does not exist!
Input file /home/andrew91411/CPU_2DES/2d_input/key_180_0_debye_100pulse.key does not exist!
Input file /home/andrew91411/CPU_2DES/2d_input/key_190_0_debye_100pulse.key does not exist!
Input file /home/andrew91411/CPU_2DES/2d_input/key_200_0_debye_100pulse.key does not exist!
Input file /home/andrew91411/CPU_2DES/2d_input/key_210_0_debye_100pulse.key does not exist!
Input file /home/andrew91411/CPU_2DES/2d_input/key_220_0_debye_100pulse.key does not exist!
Input file /home/andrew91411/CPU_2DES/2d_input/key_230_0_debye_100pulse.key does not exist!
Input file /home/andrew91411/CPU_2DES/2d_input/key_240_0_debye_100pulse.key does not exist!
Input file /home/andrew91411/CPU_2DES/2d_input/key_250_0_debye_100pulse.key does not exist!
Input file /home/andrew91411/CPU_2DES/2d_input/key_260_0_debye_100pulse.key does not exist!
Input file /home/andrew91411/CPU_2DES/2d_input/key_270_0_debye_100pulse.key does not exist!
Input file /home/andrew91411/CPU_2DES/2d_input/key_280_0_debye_100pulse.key does not exist!
Input file /home/andrew91411/CPU_2DES/2d_input/key_290_0_debye_100pulse.key does not exist!
Input file /home/andrew91411/CPU_2DES/2d_input/key_300_0_debye_100pulse.key does not exist!
Input file /home/andrew91411/CPU_2DES/2d_input/key_310_0_debye_100pulse.key does not exist!
Input file /home/andrew91411/CPU_2DES/2d_input/key_320_0_debye_100pulse.key does not exist!
Input file /home/andrew91411/CPU_2DES/2d_input/key_330_0_debye_100pulse.key does not exist!
Input file /home/andrew91411/CPU_2DES/2d_input/key_340_0_debye_100pulse.key does not exist!
Input file /home/andrew91411/CPU_2DES/2d_input/key_350_0_debye_100pulse.key does not exist!
Input file /home/andrew91411/CPU_2DES/2d_input/key_360_0_debye_100pulse.key does not exist!
Input file /home/andrew91411/CPU_2DES/2d_input/key_370_0_debye_100pulse.key does not exist!
Input file /home/andrew91411/CPU_2DES/2d_input/key_380_0_debye_100pulse.key does not exist!
Input file /home/andrew91411/CPU_2DES/2d_input/key_390_0_debye_100pulse.key does not exist!
Input file /home/andrew91411/CPU_2DES/2d_input/key_400_0_debye_100pulse.key does not exist!
Input file /home/andrew91411/CPU_2DES/2d_input/key_410_0_debye_100pulse.key does not exist!
Input file /home/andrew91411/CPU_2DES/2d_input/key_420_0_debye_100pulse.key does not exist!
Input file /home/andrew91411/CPU_2DES/2d_input/key_430_0_debye_100pulse.key does not exist!
Input file /home/andrew91411/CPU_2DES/2d_input/key_440_0_debye_100pulse.key does not exist!
Input file /home/andrew91411/CPU_2DES/2d_input/key_450_0_debye_100pulse.key does not exist!
Input file /home/andrew91411/CPU_2DES/2d_input/key_460_0_debye_100pulse.key does not exist!
Input file /home/andrew91411/CPU_2DES/2d_input/key_470_0_debye_100pulse.key does not exist!
Input file /home/andrew91411/CPU_2DES/2d_input/key_480_0_debye_100pulse.key does not exist!
Input file /home/andrew91411/CPU_2DES/2d_input/key_490_0_debye_100pulse.key does not exist!
Input file /home/andrew91411/CPU_2DES/2d_input/key_500_0_debye_100pulse.key does not exist!
Input file /home/andrew91411/CPU_2DES/2d_input/key_510_0_debye_100pulse.key does not exist!
Input file /home/andrew91411/CPU_2DES/2d_input/key_520_0_debye_100pulse.key does not exist!
Input file /home/andrew91411/CPU_2DES/2d_input/key_530_0_debye_100pulse.key does not exist!
Input file /home/andrew91411/CPU_2DES/2d_input/key_540_0_debye_100pulse.key does not exist!
Input file /home/andrew91411/CPU_2DES/2d_input/key_550_0_debye_100pulse.key does not exist!
Input file /home/andrew91411/CPU_2DES/2d_input/key_560_0_debye_100pulse.key does not exist!
Input file /home/andrew91411/CPU_2DES/2d_input/key_570_0_debye_100pulse.key does not exist!
Input file /home/andrew91411/CPU_2DES/2d_input/key_580_0_debye_100pulse.key does not exist!
Input file /home/andrew91411/CPU_2DES/2d_input/key_590_0_debye_100pulse.key does not exist!
Input file /home/andrew91411/CPU_2DES/2d_input/key_600_0_debye_100pulse.key does not exist!
Input file /home/andrew91411/CPU_2DES/2d_input/key_-600_0_100pulse.key does not exist!
Input file /home/andrew91411/CPU_2DES/2d_input/key_-590_0_100pulse.key does not exist!
Input file /home/andrew91411/CPU_2DES/2d_input/key_-580_0_100pulse.key does not exist!
Input file /home/andrew91411/CPU_2DES/2d_input/key_-570_0_100pulse.key does not exist!
Input file /home/andrew91411/CPU_2DES/2d_input/key_-560_0_100pulse.key does not exist!
Input file /home/andrew91411/CPU_2DES/2d_input/key_-550_0_100pulse.key does not exist!
Input file /home/andrew91411/CPU_2DES/2d_input/key_-540_0_100pulse.key does not exist!
Input file /home/andrew91411/CPU_2DES/2d_input/key_-530_0_100pulse.key does not exist!
Input file /home/andrew91411/CPU_2DES/2d_input/key_-520_0_100pulse.key does not exist!
Input file /home/andrew91411/CPU_2DES/2d_input/key_-510_0_100pulse.key does not exist!
Input file /home/andrew91411/CPU_2DES/2d_input/key_-500_0_100pulse.key does not exist!
Input file /home/andrew91411/CPU_2DES/2d_input/key_-490_0_100pulse.key does not exist!
Input file /home/andrew91411/CPU_2DES/2d_input/key_-480_0_100pulse.key does not exist!
Input file /home/andrew91411/CPU_2DES/2d_input/key_-470_0_100pulse.key does not exist!
Input file /home/andrew91411/CPU_2DES/2d_input/key_-460_0_100pulse.key does not exist!
Input file /home/andrew91411/CPU_2DES/2d_input/key_-450_0_100pulse.key does not exist!
Input file /home/andrew91411/CPU_2DES/2d_input/key_-440_0_100pulse.key does not exist!
Input file /home/andrew91411/CPU_2DES/2d_input/key_-430_0_100pulse.key does not exist!
Input file /home/andrew91411/CPU_2DES/2d_input/key_-420_0_100pulse.key does not exist!
Input file /home/andrew91411/CPU_2DES/2d_input/key_-410_0_100pulse.key does not exist!
Input file /home/andrew91411/CPU_2DES/2d_input/key_-400_0_100pulse.key does not exist!
Input file /home/andrew91411/CPU_2DES/2d_input/key_-390_0_100pulse.key does not exist!
Input file /home/andrew91411/CPU_2DES/2d_input/key_-380_0_100pulse.key does not exist!
Input file /home/andrew91411/CPU_2DES/2d_input/key_-370_0_100pulse.key does not exist!
Input file /home/andrew91411/CPU_2DES/2d_input/key_-360_0_100pulse.key does not exist!
Input file /home/andrew91411/CPU_2DES/2d_input/key_-350_0_100pulse.key does not exist!
Input file /home/andrew91411/CPU_2DES/2d_input/key_-340_0_100pulse.key does not exist!
Input file /home/andrew91411/CPU_2DES/2d_input/key_-330_0_100pulse.key does not exist!
Input file /home/andrew91411/CPU_2DES/2d_input/key_-320_0_100pulse.key does not exist!
Input file /home/andrew91411/CPU_2DES/2d_input/key_-310_0_100pulse.key does not exist!
Input file /home/andrew91411/CPU_2DES/2d_input/key_-300_0_100pulse.key does not exist!
Input file /home/andrew91411/CPU_2DES/2d_input/key_-290_0_100pulse.key does not exist!
Input file /home/andrew91411/CPU_2DES/2d_input/key_-280_0_100pulse.key does not exist!
Input file /home/andrew91411/CPU_2DES/2d_input/key_-270_0_100pulse.key does not exist!
Input file /home/andrew91411/CPU_2DES/2d_input/key_-260_0_100pulse.key does not exist!
Input file /home/andrew91411/CPU_2DES/2d_input/key_-250_0_100pulse.key does not exist!
Input file /home/andrew91411/CPU_2DES/2d_input/key_-240_0_100pulse.key does not exist!
Input file /home/andrew91411/CPU_2DES/2d_input/key_-230_0_100pulse.key does not exist!
Input file /home/andrew91411/CPU_2DES/2d_input/key_-220_0_100pulse.key does not exist!
Input file /home/andrew91411/CPU_2DES/2d_input/key_-210_0_100pulse.key does not exist!
Input file /home/andrew91411/CPU_2DES/2d_input/key_-200_0_100pulse.key does not exist!
Input file /home/andrew91411/CPU_2DES/2d_input/key_-190_0_100pulse.key does not exist!
Input file /home/andrew91411/CPU_2DES/2d_input/key_-180_0_100pulse.key does not exist!
Input file /home/andrew91411/CPU_2DES/2d_input/key_-170_0_100pulse.key does not exist!
Input file /home/andrew91411/CPU_2DES/2d_input/key_-160_0_100pulse.key does not exist!
Input file /home/andrew91411/CPU_2DES/2d_input/key_-150_0_100pulse.key does not exist!
Input file /home/andrew91411/CPU_2DES/2d_input/key_-140_0_100pulse.key does not exist!
Input file /home/andrew91411/CPU_2DES/2d_input/key_-130_0_100pulse.key does not exist!
Input file /home/andrew91411/CPU_2DES/2d_input/key_-120_0_100pulse.key does not exist!
Input file /home/andrew91411/CPU_2DES/2d_input/key_-110_0_100pulse.key does not exist!
Input file /home/andrew91411/CPU_2DES/2d_input/key_-100_0_100pulse.key does not exist!
Input file /home/andrew91411/CPU_2DES/2d_input/key_-90_0_100pulse.key does not exist!
Input file /home/andrew91411/CPU_2DES/2d_input/key_-80_0_100pulse.key does not exist!
Input file /home/andrew91411/CPU_2DES/2d_input/key_-70_0_100pulse.key does not exist!
Input file /home/andrew91411/CPU_2DES/2d_input/key_-60_0_100pulse.key does not exist!
Input file /home/andrew91411/CPU_2DES/2d_input/key_-50_0_100pulse.key does not exist!
Input file /home/andrew91411/CPU_2DES/2d_input/key_-40_0_100pulse.key does not exist!
Input file /home/andrew91411/CPU_2DES/2d_input/key_-30_0_100pulse.key does not exist!
Input file /home/andrew91411/CPU_2DES/2d_input/key_-20_0_100pulse.key does not exist!
Input file /home/andrew91411/CPU_2DES/2d_input/key_-10_0_100pulse.key does not exist!
Input file /home/andrew91411/CPU_2DES/2d_input/key_0_0_100pulse.key does not exist!
Input file /home/andrew91411/CPU_2DES/2d_input/key_10_0_100pulse.key does not exist!
Input file /home/andrew91411/CPU_2DES/2d_input/key_20_0_100pulse.key does not exist!
Input file /home/andrew91411/CPU_2DES/2d_input/key_30_0_100pulse.key does not exist!
Input file /home/andrew91411/CPU_2DES/2d_input/key_40_0_100pulse.key does not exist!
Input file /home/andrew91411/CPU_2DES/2d_input/key_50_0_100pulse.key does not exist!
Input file /home/andrew91411/CPU_2DES/2d_input/key_60_0_100pulse.key does not exist!
Input file /home/andrew91411/CPU_2DES/2d_input/key_70_0_100pulse.key does not exist!
Input file /home/andrew91411/CPU_2DES/2d_input/key_80_0_100pulse.key does not exist!
Input file /home/andrew91411/CPU_2DES/2d_input/key_90_0_100pulse.key does not exist!
Input file /home/andrew91411/CPU_2DES/2d_input/key_100_0_100pulse.key does not exist!
Input file /home/andrew91411/CPU_2DES/2d_input/key_110_0_100pulse.key does not exist!
Input file /home/andrew91411/CPU_2DES/2d_input/key_120_0_100pulse.key does not exist!
Input file /home/andrew91411/CPU_2DES/2d_input/key_130_0_100pulse.key does not exist!
Input file /home/andrew91411/CPU_2DES/2d_input/key_140_0_100pulse.key does not exist!
Input file /home/andrew91411/CPU_2DES/2d_input/key_150_0_100pulse.key does not exist!
Input file /home/andrew91411/CPU_2DES/2d_input/key_160_0_100pulse.key does not exist!
Input file /home/andrew91411/CPU_2DES/2d_input/key_170_0_100pulse.key does not exist!
Input file /home/andrew91411/CPU_2DES/2d_input/key_180_0_100pulse.key does not exist!
Input file /home/andrew91411/CPU_2DES/2d_input/key_190_0_100pulse.key does not exist!
Input file /home/andrew91411/CPU_2DES/2d_input/key_200_0_100pulse.key does not exist!
Input file /home/andrew91411/CPU_2DES/2d_input/key_210_0_100pulse.key does not exist!
Input file /home/andrew91411/CPU_2DES/2d_input/key_220_0_100pulse.key does not exist!
Input file /home/andrew91411/CPU_2DES/2d_input/key_230_0_100pulse.key does not exist!
Input file /home/andrew91411/CPU_2DES/2d_input/key_240_0_100pulse.key does not exist!
Input file /home/andrew91411/CPU_2DES/2d_input/key_250_0_100pulse.key does not exist!
Input file /home/andrew91411/CPU_2DES/2d_input/key_260_0_100pulse.key does not exist!
Input file /home/andrew91411/CPU_2DES/2d_input/key_270_0_100pulse.key does not exist!
Input file /home/andrew91411/CPU_2DES/2d_input/key_280_0_100pulse.key does not exist!
Input file /home/andrew91411/CPU_2DES/2d_input/key_290_0_100pulse.key does not exist!
Input file /home/andrew91411/CPU_2DES/2d_input/key_300_0_100pulse.key does not exist!
Input file /home/andrew91411/CPU_2DES/2d_input/key_310_0_100pulse.key does not exist!
Input file /home/andrew91411/CPU_2DES/2d_input/key_320_0_100pulse.key does not exist!
Input file /home/andrew91411/CPU_2DES/2d_input/key_330_0_100pulse.key does not exist!
Input file /home/andrew91411/CPU_2DES/2d_input/key_340_0_100pulse.key does not exist!
Input file /home/andrew91411/CPU_2DES/2d_input/key_350_0_100pulse.key does not exist!
Input file /home/andrew91411/CPU_2DES/2d_input/key_360_0_100pulse.key does not exist!
Input file /home/andrew91411/CPU_2DES/2d_input/key_370_0_100pulse.key does not exist!
Input file /home/andrew91411/CPU_2DES/2d_input/key_380_0_100pulse.key does not exist!
Input file /home/andrew91411/CPU_2DES/2d_input/key_390_0_100pulse.key does not exist!
Input file /home/andrew91411/CPU_2DES/2d_input/key_400_0_100pulse.key does not exist!
Input file /home/andrew91411/CPU_2DES/2d_input/key_410_0_100pulse.key does not exist!
Input file /home/andrew91411/CPU_2DES/2d_input/key_420_0_100pulse.key does not exist!
Input file /home/andrew91411/CPU_2DES/2d_input/key_430_0_100pulse.key does not exist!
Input file /home/andrew91411/CPU_2DES/2d_input/key_440_0_100pulse.key does not exist!
Input file /home/andrew91411/CPU_2DES/2d_input/key_450_0_100pulse.key does not exist!
Input file /home/andrew91411/CPU_2DES/2d_input/key_460_0_100pulse.key does not exist!
Input file /home/andrew91411/CPU_2DES/2d_input/key_470_0_100pulse.key does not exist!
Input file /home/andrew91411/CPU_2DES/2d_input/key_480_0_100pulse.key does not exist!
Input file /home/andrew91411/CPU_2DES/2d_input/key_490_0_100pulse.key does not exist!
Input file /home/andrew91411/CPU_2DES/2d_input/key_500_0_100pulse.key does not exist!
Input file /home/andrew91411/CPU_2DES/2d_input/key_510_0_100pulse.key does not exist!
Input file /home/andrew91411/CPU_2DES/2d_input/key_520_0_100pulse.key does not exist!
Input file /home/andrew91411/CPU_2DES/2d_input/key_530_0_100pulse.key does not exist!
Input file /home/andrew91411/CPU_2DES/2d_input/key_540_0_100pulse.key does not exist!
Input file /home/andrew91411/CPU_2DES/2d_input/key_550_0_100pulse.key does not exist!
Input file /home/andrew91411/CPU_2DES/2d_input/key_560_0_100pulse.key does not exist!
Input file /home/andrew91411/CPU_2DES/2d_input/key_570_0_100pulse.key does not exist!
Input file /home/andrew91411/CPU_2DES/2d_input/key_580_0_100pulse.key does not exist!
Input file /home/andrew91411/CPU_2DES/2d_input/key_590_0_100pulse.key does not exist!
Input file /home/andrew91411/CPU_2DES/2d_input/key_600_0_100pulse.key does not exist!
Input file /home/andrew91411/CPU_2DES/2d_input/key_-600_0_100pulse.key does not exist!
Input file /home/andrew91411/CPU_2DES/2d_input/key_-590_0_100pulse.key does not exist!
Input file /home/andrew91411/CPU_2DES/2d_input/key_-580_0_100pulse.key does not exist!
Input file /home/andrew91411/CPU_2DES/2d_input/key_-570_0_100pulse.key does not exist!
Input file /home/andrew91411/CPU_2DES/2d_input/key_-560_0_100pulse.key does not exist!
Input file /home/andrew91411/CPU_2DES/2d_input/key_-550_0_100pulse.key does not exist!
Input file /home/andrew91411/CPU_2DES/2d_input/key_-540_0_100pulse.key does not exist!
Input file /home/andrew91411/CPU_2DES/2d_input/key_-530_0_100pulse.key does not exist!
Input file /home/andrew91411/CPU_2DES/2d_input/key_-520_0_100pulse.key does not exist!
Input file /home/andrew91411/CPU_2DES/2d_input/key_-510_0_100pulse.key does not exist!
Input file /home/andrew91411/CPU_2DES/2d_input/key_-500_0_100pulse.key does not exist!
Input file /home/andrew91411/CPU_2DES/2d_input/key_-490_0_100pulse.key does not exist!
Input file /home/andrew91411/CPU_2DES/2d_input/key_-480_0_100pulse.key does not exist!
Input file /home/andrew91411/CPU_2DES/2d_input/key_-470_0_100pulse.key does not exist!
Input file /home/andrew91411/CPU_2DES/2d_input/key_-460_0_100pulse.key does not exist!
Input file /home/andrew91411/CPU_2DES/2d_input/key_-450_0_100pulse.key does not exist!
Input file /home/andrew91411/CPU_2DES/2d_input/key_-440_0_100pulse.key does not exist!
Input file /home/andrew91411/CPU_2DES/2d_input/key_-430_0_100pulse.key does not exist!
Input file /home/andrew91411/CPU_2DES/2d_input/key_-420_0_100pulse.key does not exist!
Input file /home/andrew91411/CPU_2DES/2d_input/key_-410_0_100pulse.key does not exist!
Input file /home/andrew91411/CPU_2DES/2d_input/key_-400_0_100pulse.key does not exist!
Input file /home/andrew91411/CPU_2DES/2d_input/key_-390_0_100pulse.key does not exist!
Input file /home/andrew91411/CPU_2DES/2d_input/key_-380_0_100pulse.key does not exist!
Input file /home/andrew91411/CPU_2DES/2d_input/key_-370_0_100pulse.key does not exist!
Input file /home/andrew91411/CPU_2DES/2d_input/key_-360_0_100pulse.key does not exist!
Input file /home/andrew91411/CPU_2DES/2d_input/key_-350_0_100pulse.key does not exist!
Input file /home/andrew91411/CPU_2DES/2d_input/key_-340_0_100pulse.key does not exist!
Input file /home/andrew91411/CPU_2DES/2d_input/key_-330_0_100pulse.key does not exist!
Input file /home/andrew91411/CPU_2DES/2d_input/key_-320_0_100pulse.key does not exist!
Input file /home/andrew91411/CPU_2DES/2d_input/key_-310_0_100pulse.key does not exist!
Input file /home/andrew91411/CPU_2DES/2d_input/key_-300_0_100pulse.key does not exist!
Input file /home/andrew91411/CPU_2DES/2d_input/key_-290_0_100pulse.key does not exist!
Input file /home/andrew91411/CPU_2DES/2d_input/key_-280_0_100pulse.key does not exist!
Input file /home/andrew91411/CPU_2DES/2d_input/key_-270_0_100pulse.key does not exist!
Input file /home/andrew91411/CPU_2DES/2d_input/key_-260_0_100pulse.key does not exist!
Input file /home/andrew91411/CPU_2DES/2d_input/key_-250_0_100pulse.key does not exist!
Input file /home/andrew91411/CPU_2DES/2d_input/key_-240_0_100pulse.key does not exist!
Input file /home/andrew91411/CPU_2DES/2d_input/key_-230_0_100pulse.key does not exist!
Input file /home/andrew91411/CPU_2DES/2d_input/key_-220_0_100pulse.key does not exist!
Input file /home/andrew91411/CPU_2DES/2d_input/key_-210_0_100pulse.key does not exist!
Input file /home/andrew91411/CPU_2DES/2d_input/key_-200_0_100pulse.key does not exist!
Input file /home/andrew91411/CPU_2DES/2d_input/key_-190_0_100pulse.key does not exist!
Input file /home/andrew91411/CPU_2DES/2d_input/key_-180_0_100pulse.key does not exist!
Input file /home/andrew91411/CPU_2DES/2d_input/key_-170_0_100pulse.key does not exist!
Input file /home/andrew91411/CPU_2DES/2d_input/key_-160_0_100pulse.key does not exist!
Input file /home/andrew91411/CPU_2DES/2d_input/key_-150_0_100pulse.key does not exist!
Input file /home/andrew91411/CPU_2DES/2d_input/key_-140_0_100pulse.key does not exist!
Input file /home/andrew91411/CPU_2DES/2d_input/key_-130_0_100pulse.key does not exist!
Input file /home/andrew91411/CPU_2DES/2d_input/key_-120_0_100pulse.key does not exist!
Input file /home/andrew91411/CPU_2DES/2d_input/key_-110_0_100pulse.key does not exist!
Input file /home/andrew91411/CPU_2DES/2d_input/key_-100_0_100pulse.key does not exist!
Input file /home/andrew91411/CPU_2DES/2d_input/key_-90_0_100pulse.key does not exist!
Input file /home/andrew91411/CPU_2DES/2d_input/key_-80_0_100pulse.key does not exist!
Input file /home/andrew91411/CPU_2DES/2d_input/key_-70_0_100pulse.key does not exist!
Input file /home/andrew91411/CPU_2DES/2d_input/key_-60_0_100pulse.key does not exist!
Input file /home/andrew91411/CPU_2DES/2d_input/key_-50_0_100pulse.key does not exist!
Input file /home/andrew91411/CPU_2DES/2d_input/key_-40_0_100pulse.key does not exist!
Input file /home/andrew91411/CPU_2DES/2d_input/key_-30_0_100pulse.key does not exist!
Input file /home/andrew91411/CPU_2DES/2d_input/key_-20_0_100pulse.key does not exist!
Input file /home/andrew91411/CPU_2DES/2d_input/key_-10_0_100pulse.key does not exist!
Input file /home/andrew91411/CPU_2DES/2d_input/key_0_0_100pulse.key does not exist!
Input file /home/andrew91411/CPU_2DES/2d_input/key_10_0_100pulse.key does not exist!
Input file /home/andrew91411/CPU_2DES/2d_input/key_20_0_100pulse.key does not exist!
Input file /home/andrew91411/CPU_2DES/2d_input/key_30_0_100pulse.key does not exist!
Input file /home/andrew91411/CPU_2DES/2d_input/key_40_0_100pulse.key does not exist!
Input file /home/andrew91411/CPU_2DES/2d_input/key_50_0_100pulse.key does not exist!
Input file /home/andrew91411/CPU_2DES/2d_input/key_60_0_100pulse.key does not exist!
Input file /home/andrew91411/CPU_2DES/2d_input/key_70_0_100pulse.key does not exist!
Input file /home/andrew91411/CPU_2DES/2d_input/key_80_0_100pulse.key does not exist!
Input file /home/andrew91411/CPU_2DES/2d_input/key_90_0_100pulse.key does not exist!
Input file /home/andrew91411/CPU_2DES/2d_input/key_100_0_100pulse.key does not exist!
Input file /home/andrew91411/CPU_2DES/2d_input/key_110_0_100pulse.key does not exist!
Input file /home/andrew91411/CPU_2DES/2d_input/key_120_0_100pulse.key does not exist!
Input file /home/andrew91411/CPU_2DES/2d_input/key_130_0_100pulse.key does not exist!
Input file /home/andrew91411/CPU_2DES/2d_input/key_140_0_100pulse.key does not exist!
Input file /home/andrew91411/CPU_2DES/2d_input/key_150_0_100pulse.key does not exist!
Input file /home/andrew91411/CPU_2DES/2d_input/key_160_0_100pulse.key does not exist!
Input file /home/andrew91411/CPU_2DES/2d_input/key_170_0_100pulse.key does not exist!
Input file /home/andrew91411/CPU_2DES/2d_input/key_180_0_100pulse.key does not exist!
Input file /home/andrew91411/CPU_2DES/2d_input/key_190_0_100pulse.key does not exist!
Input file /home/andrew91411/CPU_2DES/2d_input/key_200_0_100pulse.key does not exist!
Input file /home/andrew91411/CPU_2DES/2d_input/key_210_0_100pulse.key does not exist!
Input file /home/andrew91411/CPU_2DES/2d_input/key_220_0_100pulse.key does not exist!
Input file /home/andrew91411/CPU_2DES/2d_input/key_230_0_100pulse.key does not exist!
Input file /home/andrew91411/CPU_2DES/2d_input/key_240_0_100pulse.key does not exist!
Input file /home/andrew91411/CPU_2DES/2d_input/key_250_0_100pulse.key does not exist!
Input file /home/andrew91411/CPU_2DES/2d_input/key_260_0_100pulse.key does not exist!
Input file /home/andrew91411/CPU_2DES/2d_input/key_270_0_100pulse.key does not exist!
Input file /home/andrew91411/CPU_2DES/2d_input/key_280_0_100pulse.key does not exist!
Input file /home/andrew91411/CPU_2DES/2d_input/key_290_0_100pulse.key does not exist!
Input file /home/andrew91411/CPU_2DES/2d_input/key_300_0_100pulse.key does not exist!
Input file /home/andrew91411/CPU_2DES/2d_input/key_310_0_100pulse.key does not exist!
Input file /home/andrew91411/CPU_2DES/2d_input/key_320_0_100pulse.key does not exist!
Input file /home/andrew91411/CPU_2DES/2d_input/key_330_0_100pulse.key does not exist!
Input file /home/andrew91411/CPU_2DES/2d_input/key_340_0_100pulse.key does not exist!
Input file /home/andrew91411/CPU_2DES/2d_input/key_350_0_100pulse.key does not exist!
Input file /home/andrew91411/CPU_2DES/2d_input/key_360_0_100pulse.key does not exist!
Input file /home/andrew91411/CPU_2DES/2d_input/key_370_0_100pulse.key does not exist!
Input file /home/andrew91411/CPU_2DES/2d_input/key_380_0_100pulse.key does not exist!
Input file /home/andrew91411/CPU_2DES/2d_input/key_390_0_100pulse.key does not exist!
Input file /home/andrew91411/CPU_2DES/2d_input/key_400_0_100pulse.key does not exist!
Input file /home/andrew91411/CPU_2DES/2d_input/key_410_0_100pulse.key does not exist!
Input file /home/andrew91411/CPU_2DES/2d_input/key_420_0_100pulse.key does not exist!
Input file /home/andrew91411/CPU_2DES/2d_input/key_430_0_100pulse.key does not exist!
Input file /home/andrew91411/CPU_2DES/2d_input/key_440_0_100pulse.key does not exist!
Input file /home/andrew91411/CPU_2DES/2d_input/key_450_0_100pulse.key does not exist!
Input file /home/andrew91411/CPU_2DES/2d_input/key_460_0_100pulse.key does not exist!
Input file /home/andrew91411/CPU_2DES/2d_input/key_470_0_100pulse.key does not exist!
Input file /home/andrew91411/CPU_2DES/2d_input/key_480_0_100pulse.key does not exist!
Input file /home/andrew91411/CPU_2DES/2d_input/key_490_0_100pulse.key does not exist!
Input file /home/andrew91411/CPU_2DES/2d_input/key_500_0_100pulse.key does not exist!
Input file /home/andrew91411/CPU_2DES/2d_input/key_510_0_100pulse.key does not exist!
Input file /home/andrew91411/CPU_2DES/2d_input/key_520_0_100pulse.key does not exist!
Input file /home/andrew91411/CPU_2DES/2d_input/key_530_0_100pulse.key does not exist!
Input file /home/andrew91411/CPU_2DES/2d_input/key_540_0_100pulse.key does not exist!
Input file /home/andrew91411/CPU_2DES/2d_input/key_550_0_100pulse.key does not exist!
Input file /home/andrew91411/CPU_2DES/2d_input/key_560_0_100pulse.key does not exist!
Input file /home/andrew91411/CPU_2DES/2d_input/key_570_0_100pulse.key does not exist!
Input file /home/andrew91411/CPU_2DES/2d_input/key_580_0_100pulse.key does not exist!
Input file /home/andrew91411/CPU_2DES/2d_input/key_590_0_100pulse.key does not exist!
Input file /home/andrew91411/CPU_2DES/2d_input/key_600_0_100pulse.key does not exist!
Input file /home/andrew91411/CPU_2DES/2d_input/key_-600_0_100pulse.key does not exist!
Input file /home/andrew91411/CPU_2DES/2d_input/key_-590_0_100pulse.key does not exist!
Input file /home/andrew91411/CPU_2DES/2d_input/key_-580_0_100pulse.key does not exist!
Input file /home/andrew91411/CPU_2DES/2d_input/key_-570_0_100pulse.key does not exist!
Input file /home/andrew91411/CPU_2DES/2d_input/key_-560_0_100pulse.key does not exist!
Input file /home/andrew91411/CPU_2DES/2d_input/key_-550_0_100pulse.key does not exist!
Input file /home/andrew91411/CPU_2DES/2d_input/key_-540_0_100pulse.key does not exist!
Input file /home/andrew91411/CPU_2DES/2d_input/key_-530_0_100pulse.key does not exist!
Input file /home/andrew91411/CPU_2DES/2d_input/key_-520_0_100pulse.key does not exist!
Input file /home/andrew91411/CPU_2DES/2d_input/key_-510_0_100pulse.key does not exist!
Input file /home/andrew91411/CPU_2DES/2d_input/key_-500_0_100pulse.key does not exist!
Input file /home/andrew91411/CPU_2DES/2d_input/key_-490_0_100pulse.key does not exist!
Input file /home/andrew91411/CPU_2DES/2d_input/key_-480_0_100pulse.key does not exist!
Input file /home/andrew91411/CPU_2DES/2d_input/key_-470_0_100pulse.key does not exist!
Input file /home/andrew91411/CPU_2DES/2d_input/key_-460_0_100pulse.key does not exist!
Input file /home/andrew91411/CPU_2DES/2d_input/key_-450_0_100pulse.key does not exist!
Input file /home/andrew91411/CPU_2DES/2d_input/key_-440_0_100pulse.key does not exist!
Input file /home/andrew91411/CPU_2DES/2d_input/key_-430_0_100pulse.key does not exist!
Input file /home/andrew91411/CPU_2DES/2d_input/key_-420_0_100pulse.key does not exist!
Input file /home/andrew91411/CPU_2DES/2d_input/key_-410_0_100pulse.key does not exist!
Input file /home/andrew91411/CPU_2DES/2d_input/key_-400_0_100pulse.key does not exist!
Input file /home/andrew91411/CPU_2DES/2d_input/key_-390_0_100pulse.key does not exist!
Input file /home/andrew91411/CPU_2DES/2d_input/key_-380_0_100pulse.key does not exist!
Input file /home/andrew91411/CPU_2DES/2d_input/key_-370_0_100pulse.key does not exist!
Input file /home/andrew91411/CPU_2DES/2d_input/key_-360_0_100pulse.key does not exist!
Input file /home/andrew91411/CPU_2DES/2d_input/key_-350_0_100pulse.key does not exist!
Input file /home/andrew91411/CPU_2DES/2d_input/key_-340_0_100pulse.key does not exist!
Input file /home/andrew91411/CPU_2DES/2d_input/key_-330_0_100pulse.key does not exist!
Input file /home/andrew91411/CPU_2DES/2d_input/key_-320_0_100pulse.key does not exist!
Input file /home/andrew91411/CPU_2DES/2d_input/key_-310_0_100pulse.key does not exist!
Input file /home/andrew91411/CPU_2DES/2d_input/key_-300_0_100pulse.key does not exist!
Input file /home/andrew91411/CPU_2DES/2d_input/key_-290_0_100pulse.key does not exist!
Input file /home/andrew91411/CPU_2DES/2d_input/key_-280_0_100pulse.key does not exist!
Input file /home/andrew91411/CPU_2DES/2d_input/key_-270_0_100pulse.key does not exist!
Input file /home/andrew91411/CPU_2DES/2d_input/key_-260_0_100pulse.key does not exist!
Input file /home/andrew91411/CPU_2DES/2d_input/key_-250_0_100pulse.key does not exist!
Input file /home/andrew91411/CPU_2DES/2d_input/key_-240_0_100pulse.key does not exist!
Input file /home/andrew91411/CPU_2DES/2d_input/key_-230_0_100pulse.key does not exist!
Input file /home/andrew91411/CPU_2DES/2d_input/key_-220_0_100pulse.key does not exist!
Input file /home/andrew91411/CPU_2DES/2d_input/key_-210_0_100pulse.key does not exist!
Input file /home/andrew91411/CPU_2DES/2d_input/key_-200_0_100pulse.key does not exist!
Input file /home/andrew91411/CPU_2DES/2d_input/key_-190_0_100pulse.key does not exist!
Input file /home/andrew91411/CPU_2DES/2d_input/key_-180_0_100pulse.key does not exist!
Input file /home/andrew91411/CPU_2DES/2d_input/key_-170_0_100pulse.key does not exist!
Input file /home/andrew91411/CPU_2DES/2d_input/key_-160_0_100pulse.key does not exist!
Input file /home/andrew91411/CPU_2DES/2d_input/key_-150_0_100pulse.key does not exist!
Input file /home/andrew91411/CPU_2DES/2d_input/key_-140_0_100pulse.key does not exist!
Input file /home/andrew91411/CPU_2DES/2d_input/key_-130_0_100pulse.key does not exist!
Input file /home/andrew91411/CPU_2DES/2d_input/key_-120_0_100pulse.key does not exist!
Input file /home/andrew91411/CPU_2DES/2d_input/key_-110_0_100pulse.key does not exist!
Input file /home/andrew91411/CPU_2DES/2d_input/key_-100_0_100pulse.key does not exist!
Input file /home/andrew91411/CPU_2DES/2d_input/key_-90_0_100pulse.key does not exist!
Input file /home/andrew91411/CPU_2DES/2d_input/key_-80_0_100pulse.key does not exist!
Input file /home/andrew91411/CPU_2DES/2d_input/key_-70_0_100pulse.key does not exist!
Input file /home/andrew91411/CPU_2DES/2d_input/key_-60_0_100pulse.key does not exist!
Input file /home/andrew91411/CPU_2DES/2d_input/key_-50_0_100pulse.key does not exist!
Input file /home/andrew91411/CPU_2DES/2d_input/key_-40_0_100pulse.key does not exist!
Input file /home/andrew91411/CPU_2DES/2d_input/key_-30_0_100pulse.key does not exist!
Input file /home/andrew91411/CPU_2DES/2d_input/key_-20_0_100pulse.key does not exist!
Input file /home/andrew91411/CPU_2DES/2d_input/key_-10_0_100pulse.key does not exist!
Input file /home/andrew91411/CPU_2DES/2d_input/key_0_0_100pulse.key does not exist!
Input file /home/andrew91411/CPU_2DES/2d_input/key_10_0_100pulse.key does not exist!
Input file /home/andrew91411/CPU_2DES/2d_input/key_20_0_100pulse.key does not exist!
Input file /home/andrew91411/CPU_2DES/2d_input/key_30_0_100pulse.key does not exist!
Input file /home/andrew91411/CPU_2DES/2d_input/key_40_0_100pulse.key does not exist!
Input file /home/andrew91411/CPU_2DES/2d_input/key_50_0_100pulse.key does not exist!
Input file /home/andrew91411/CPU_2DES/2d_input/key_60_0_100pulse.key does not exist!
Input file /home/andrew91411/CPU_2DES/2d_input/key_70_0_100pulse.key does not exist!
Input file /home/andrew91411/CPU_2DES/2d_input/key_80_0_100pulse.key does not exist!
Input file /home/andrew91411/CPU_2DES/2d_input/key_90_0_100pulse.key does not exist!
Input file /home/andrew91411/CPU_2DES/2d_input/key_100_0_100pulse.key does not exist!
Input file /home/andrew91411/CPU_2DES/2d_input/key_110_0_100pulse.key does not exist!
Input file /home/andrew91411/CPU_2DES/2d_input/key_120_0_100pulse.key does not exist!
Input file /home/andrew91411/CPU_2DES/2d_input/key_130_0_100pulse.key does not exist!
Input file /home/andrew91411/CPU_2DES/2d_input/key_140_0_100pulse.key does not exist!
Input file /home/andrew91411/CPU_2DES/2d_input/key_150_0_100pulse.key does not exist!
Input file /home/andrew91411/CPU_2DES/2d_input/key_160_0_100pulse.key does not exist!
Input file /home/andrew91411/CPU_2DES/2d_input/key_170_0_100pulse.key does not exist!
Input file /home/andrew91411/CPU_2DES/2d_input/key_180_0_100pulse.key does not exist!
Input file /home/andrew91411/CPU_2DES/2d_input/key_190_0_100pulse.key does not exist!
Input file /home/andrew91411/CPU_2DES/2d_input/key_200_0_100pulse.key does not exist!
Input file /home/andrew91411/CPU_2DES/2d_input/key_210_0_100pulse.key does not exist!
Input file /home/andrew91411/CPU_2DES/2d_input/key_220_0_100pulse.key does not exist!
Input file /home/andrew91411/CPU_2DES/2d_input/key_230_0_100pulse.key does not exist!
Input file /home/andrew91411/CPU_2DES/2d_input/key_240_0_100pulse.key does not exist!
Input file /home/andrew91411/CPU_2DES/2d_input/key_250_0_100pulse.key does not exist!
Input file /home/andrew91411/CPU_2DES/2d_input/key_260_0_100pulse.key does not exist!
Input file /home/andrew91411/CPU_2DES/2d_input/key_270_0_100pulse.key does not exist!
Input file /home/andrew91411/CPU_2DES/2d_input/key_280_0_100pulse.key does not exist!
Input file /home/andrew91411/CPU_2DES/2d_input/key_290_0_100pulse.key does not exist!
Input file /home/andrew91411/CPU_2DES/2d_input/key_300_0_100pulse.key does not exist!
Input file /home/andrew91411/CPU_2DES/2d_input/key_310_0_100pulse.key does not exist!
Input file /home/andrew91411/CPU_2DES/2d_input/key_320_0_100pulse.key does not exist!
Input file /home/andrew91411/CPU_2DES/2d_input/key_330_0_100pulse.key does not exist!
Input file /home/andrew91411/CPU_2DES/2d_input/key_340_0_100pulse.key does not exist!
Input file /home/andrew91411/CPU_2DES/2d_input/key_350_0_100pulse.key does not exist!
Input file /home/andrew91411/CPU_2DES/2d_input/key_360_0_100pulse.key does not exist!
Input file /home/andrew91411/CPU_2DES/2d_input/key_370_0_100pulse.key does not exist!
Input file /home/andrew91411/CPU_2DES/2d_input/key_380_0_100pulse.key does not exist!
Input file /home/andrew91411/CPU_2DES/2d_input/key_390_0_100pulse.key does not exist!
Input file /home/andrew91411/CPU_2DES/2d_input/key_400_0_100pulse.key does not exist!
Input file /home/andrew91411/CPU_2DES/2d_input/key_410_0_100pulse.key does not exist!
Input file /home/andrew91411/CPU_2DES/2d_input/key_420_0_100pulse.key does not exist!
Input file /home/andrew91411/CPU_2DES/2d_input/key_430_0_100pulse.key does not exist!
Input file /home/andrew91411/CPU_2DES/2d_input/key_440_0_100pulse.key does not exist!
Input file /home/andrew91411/CPU_2DES/2d_input/key_450_0_100pulse.key does not exist!
Input file /home/andrew91411/CPU_2DES/2d_input/key_460_0_100pulse.key does not exist!
Input file /home/andrew91411/CPU_2DES/2d_input/key_470_0_100pulse.key does not exist!
Input file /home/andrew91411/CPU_2DES/2d_input/key_480_0_100pulse.key does not exist!
Input file /home/andrew91411/CPU_2DES/2d_input/key_490_0_100pulse.key does not exist!
Input file /home/andrew91411/CPU_2DES/2d_input/key_500_0_100pulse.key does not exist!
Input file /home/andrew91411/CPU_2DES/2d_input/key_510_0_100pulse.key does not exist!
Input file /home/andrew91411/CPU_2DES/2d_input/key_520_0_100pulse.key does not exist!
Input file /home/andrew91411/CPU_2DES/2d_input/key_530_0_100pulse.key does not exist!
Input file /home/andrew91411/CPU_2DES/2d_input/key_540_0_100pulse.key does not exist!
Input file /home/andrew91411/CPU_2DES/2d_input/key_550_0_100pulse.key does not exist!
Input file /home/andrew91411/CPU_2DES/2d_input/key_560_0_100pulse.key does not exist!
Input file /home/andrew91411/CPU_2DES/2d_input/key_570_0_100pulse.key does not exist!
Input file /home/andrew91411/CPU_2DES/2d_input/key_580_0_100pulse.key does not exist!
Input file /home/andrew91411/CPU_2DES/2d_input/key_590_0_100pulse.key does not exist!
Input file /home/andrew91411/CPU_2DES/2d_input/key_600_0_100pulse.key does not exist!
Input file /home/andrew91411/CPU_2DES/2d_input/key_0_0_wc50.key does not exist!
Input file /home/andrew91411/CPU_2DES/2d_input/key_0_100_wc50.key does not exist!
Input file /home/andrew91411/CPU_2DES/2d_input/key_0_200_wc50.key does not exist!
Input file /home/andrew91411/CPU_2DES/2d_input/key_0_300_wc50.key does not exist!
Input file /home/andrew91411/CPU_2DES/2d_input/key_0_400_wc50.key does not exist!
Input file /home/andrew91411/CPU_2DES/2d_input/key_0_500_wc50.key does not exist!
Input file /home/andrew91411/CPU_2DES/2d_input/key_10_0_wc50.key does not exist!
Input file /home/andrew91411/CPU_2DES/2d_input/key_10_100_wc50.key does not exist!
Input file /home/andrew91411/CPU_2DES/2d_input/key_10_200_wc50.key does not exist!
Input file /home/andrew91411/CPU_2DES/2d_input/key_10_300_wc50.key does not exist!
Input file /home/andrew91411/CPU_2DES/2d_input/key_10_400_wc50.key does not exist!
Input file /home/andrew91411/CPU_2DES/2d_input/key_10_500_wc50.key does not exist!
Input file /home/andrew91411/CPU_2DES/2d_input/key_20_0_wc50.key does not exist!
Input file /home/andrew91411/CPU_2DES/2d_input/key_20_100_wc50.key does not exist!
Input file /home/andrew91411/CPU_2DES/2d_input/key_20_200_wc50.key does not exist!
Input file /home/andrew91411/CPU_2DES/2d_input/key_20_300_wc50.key does not exist!
Input file /home/andrew91411/CPU_2DES/2d_input/key_20_400_wc50.key does not exist!
Input file /home/andrew91411/CPU_2DES/2d_input/key_20_500_wc50.key does not exist!
Input file /home/andrew91411/CPU_2DES/2d_input/key_30_0_wc50.key does not exist!
Input file /home/andrew91411/CPU_2DES/2d_input/key_30_100_wc50.key does not exist!
Input file /home/andrew91411/CPU_2DES/2d_input/key_30_200_wc50.key does not exist!
Input file /home/andrew91411/CPU_2DES/2d_input/key_30_300_wc50.key does not exist!
Input file /home/andrew91411/CPU_2DES/2d_input/key_30_400_wc50.key does not exist!
Input file /home/andrew91411/CPU_2DES/2d_input/key_30_500_wc50.key does not exist!
Input file /home/andrew91411/CPU_2DES/2d_input/key_40_0_wc50.key does not exist!
Input file /home/andrew91411/CPU_2DES/2d_input/key_40_100_wc50.key does not exist!
Input file /home/andrew91411/CPU_2DES/2d_input/key_40_200_wc50.key does not exist!
Input file /home/andrew91411/CPU_2DES/2d_input/key_40_300_wc50.key does not exist!
Input file /home/andrew91411/CPU_2DES/2d_input/key_40_400_wc50.key does not exist!
Input file /home/andrew91411/CPU_2DES/2d_input/key_40_500_wc50.key does not exist!
Input file /home/andrew91411/CPU_2DES/2d_input/key_50_0_wc50.key does not exist!
Input file /home/andrew91411/CPU_2DES/2d_input/key_50_100_wc50.key does not exist!
Input file /home/andrew91411/CPU_2DES/2d_input/key_50_200_wc50.key does not exist!
Input file /home/andrew91411/CPU_2DES/2d_input/key_50_300_wc50.key does not exist!
Input file /home/andrew91411/CPU_2DES/2d_input/key_50_400_wc50.key does not exist!
Input file /home/andrew91411/CPU_2DES/2d_input/key_50_500_wc50.key does not exist!
Input file /home/andrew91411/CPU_2DES/2d_input/key_60_0_wc50.key does not exist!
Input file /home/andrew91411/CPU_2DES/2d_input/key_60_100_wc50.key does not exist!
Input file /home/andrew91411/CPU_2DES/2d_input/key_60_200_wc50.key does not exist!
Input file /home/andrew91411/CPU_2DES/2d_input/key_60_300_wc50.key does not exist!
Input file /home/andrew91411/CPU_2DES/2d_input/key_60_400_wc50.key does not exist!
Input file /home/andrew91411/CPU_2DES/2d_input/key_60_500_wc50.key does not exist!
Input file /home/andrew91411/CPU_2DES/2d_input/key_70_0_wc50.key does not exist!
Input file /home/andrew91411/CPU_2DES/2d_input/key_70_100_wc50.key does not exist!
Input file /home/andrew91411/CPU_2DES/2d_input/key_70_200_wc50.key does not exist!
Input file /home/andrew91411/CPU_2DES/2d_input/key_70_300_wc50.key does not exist!
Input file /home/andrew91411/CPU_2DES/2d_input/key_70_400_wc50.key does not exist!
Input file /home/andrew91411/CPU_2DES/2d_input/key_70_500_wc50.key does not exist!
Input file /home/andrew91411/CPU_2DES/2d_input/key_80_0_wc50.key does not exist!
Input file /home/andrew91411/CPU_2DES/2d_input/key_80_100_wc50.key does not exist!
Input file /home/andrew91411/CPU_2DES/2d_input/key_80_200_wc50.key does not exist!
Input file /home/andrew91411/CPU_2DES/2d_input/key_80_300_wc50.key does not exist!
Input file /home/andrew91411/CPU_2DES/2d_input/key_80_400_wc50.key does not exist!
Input file /home/andrew91411/CPU_2DES/2d_input/key_80_500_wc50.key does not exist!
Input file /home/andrew91411/CPU_2DES/2d_input/key_90_0_wc50.key does not exist!
Input file /home/andrew91411/CPU_2DES/2d_input/key_90_100_wc50.key does not exist!
Input file /home/andrew91411/CPU_2DES/2d_input/key_90_200_wc50.key does not exist!
Input file /home/andrew91411/CPU_2DES/2d_input/key_90_300_wc50.key does not exist!
Input file /home/andrew91411/CPU_2DES/2d_input/key_90_400_wc50.key does not exist!
Input file /home/andrew91411/CPU_2DES/2d_input/key_90_500_wc50.key does not exist!
Input file /home/andrew91411/CPU_2DES/2d_input/key_100_0_wc50.key does not exist!
Input file /home/andrew91411/CPU_2DES/2d_input/key_100_100_wc50.key does not exist!
Input file /home/andrew91411/CPU_2DES/2d_input/key_100_200_wc50.key does not exist!
Input file /home/andrew91411/CPU_2DES/2d_input/key_100_300_wc50.key does not exist!
Input file /home/andrew91411/CPU_2DES/2d_input/key_100_400_wc50.key does not exist!
Input file /home/andrew91411/CPU_2DES/2d_input/key_100_500_wc50.key does not exist!
Input file /home/andrew91411/CPU_2DES/2d_input/key_110_0_wc50.key does not exist!
Input file /home/andrew91411/CPU_2DES/2d_input/key_110_100_wc50.key does not exist!
Input file /home/andrew91411/CPU_2DES/2d_input/key_110_200_wc50.key does not exist!
Input file /home/andrew91411/CPU_2DES/2d_input/key_110_300_wc50.key does not exist!
Input file /home/andrew91411/CPU_2DES/2d_input/key_110_400_wc50.key does not exist!
Input file /home/andrew91411/CPU_2DES/2d_input/key_110_500_wc50.key does not exist!
Input file /home/andrew91411/CPU_2DES/2d_input/key_120_0_wc50.key does not exist!
Input file /home/andrew91411/CPU_2DES/2d_input/key_120_100_wc50.key does not exist!
Input file /home/andrew91411/CPU_2DES/2d_input/key_120_200_wc50.key does not exist!
Input file /home/andrew91411/CPU_2DES/2d_input/key_120_300_wc50.key does not exist!
Input file /home/andrew91411/CPU_2DES/2d_input/key_120_400_wc50.key does not exist!
Input file /home/andrew91411/CPU_2DES/2d_input/key_120_500_wc50.key does not exist!
Input file /home/andrew91411/CPU_2DES/2d_input/key_130_0_wc50.key does not exist!
Input file /home/andrew91411/CPU_2DES/2d_input/key_130_100_wc50.key does not exist!
Input file /home/andrew91411/CPU_2DES/2d_input/key_130_200_wc50.key does not exist!
Input file /home/andrew91411/CPU_2DES/2d_input/key_130_300_wc50.key does not exist!
Input file /home/andrew91411/CPU_2DES/2d_input/key_130_400_wc50.key does not exist!
Input file /home/andrew91411/CPU_2DES/2d_input/key_130_500_wc50.key does not exist!
Input file /home/andrew91411/CPU_2DES/2d_input/key_140_0_wc50.key does not exist!
Input file /home/andrew91411/CPU_2DES/2d_input/key_140_100_wc50.key does not exist!
Input file /home/andrew91411/CPU_2DES/2d_input/key_140_200_wc50.key does not exist!
Input file /home/andrew91411/CPU_2DES/2d_input/key_140_300_wc50.key does not exist!
Input file /home/andrew91411/CPU_2DES/2d_input/key_140_400_wc50.key does not exist!
Input file /home/andrew91411/CPU_2DES/2d_input/key_140_500_wc50.key does not exist!
Input file /home/andrew91411/CPU_2DES/2d_input/key_150_0_wc50.key does not exist!
Input file /home/andrew91411/CPU_2DES/2d_input/key_150_100_wc50.key does not exist!
Input file /home/andrew91411/CPU_2DES/2d_input/key_150_200_wc50.key does not exist!
Input file /home/andrew91411/CPU_2DES/2d_input/key_150_300_wc50.key does not exist!
Input file /home/andrew91411/CPU_2DES/2d_input/key_150_400_wc50.key does not exist!
Input file /home/andrew91411/CPU_2DES/2d_input/key_150_500_wc50.key does not exist!
Input file /home/andrew91411/CPU_2DES/2d_input/key_160_0_wc50.key does not exist!
Input file /home/andrew91411/CPU_2DES/2d_input/key_160_100_wc50.key does not exist!
Input file /home/andrew91411/CPU_2DES/2d_input/key_160_200_wc50.key does not exist!
Input file /home/andrew91411/CPU_2DES/2d_input/key_160_300_wc50.key does not exist!
Input file /home/andrew91411/CPU_2DES/2d_input/key_160_400_wc50.key does not exist!
Input file /home/andrew91411/CPU_2DES/2d_input/key_160_500_wc50.key does not exist!
Input file /home/andrew91411/CPU_2DES/2d_input/key_170_0_wc50.key does not exist!
Input file /home/andrew91411/CPU_2DES/2d_input/key_170_100_wc50.key does not exist!
Input file /home/andrew91411/CPU_2DES/2d_input/key_170_200_wc50.key does not exist!
Input file /home/andrew91411/CPU_2DES/2d_input/key_170_300_wc50.key does not exist!
Input file /home/andrew91411/CPU_2DES/2d_input/key_170_400_wc50.key does not exist!
Input file /home/andrew91411/CPU_2DES/2d_input/key_170_500_wc50.key does not exist!
Input file /home/andrew91411/CPU_2DES/2d_input/key_180_0_wc50.key does not exist!
Input file /home/andrew91411/CPU_2DES/2d_input/key_180_100_wc50.key does not exist!
Input file /home/andrew91411/CPU_2DES/2d_input/key_180_200_wc50.key does not exist!
Input file /home/andrew91411/CPU_2DES/2d_input/key_180_300_wc50.key does not exist!
Input file /home/andrew91411/CPU_2DES/2d_input/key_180_400_wc50.key does not exist!
Input file /home/andrew91411/CPU_2DES/2d_input/key_180_500_wc50.key does not exist!
Input file /home/andrew91411/CPU_2DES/2d_input/key_190_0_wc50.key does not exist!
Input file /home/andrew91411/CPU_2DES/2d_input/key_190_100_wc50.key does not exist!
Input file /home/andrew91411/CPU_2DES/2d_input/key_190_200_wc50.key does not exist!
Input file /home/andrew91411/CPU_2DES/2d_input/key_190_300_wc50.key does not exist!
Input file /home/andrew91411/CPU_2DES/2d_input/key_190_400_wc50.key does not exist!
Input file /home/andrew91411/CPU_2DES/2d_input/key_190_500_wc50.key does not exist!
Input file /home/andrew91411/CPU_2DES/2d_input/key_200_0_wc50.key does not exist!
Input file /home/andrew91411/CPU_2DES/2d_input/key_200_100_wc50.key does not exist!
Input file /home/andrew91411/CPU_2DES/2d_input/key_200_200_wc50.key does not exist!
Input file /home/andrew91411/CPU_2DES/2d_input/key_200_300_wc50.key does not exist!
Input file /home/andrew91411/CPU_2DES/2d_input/key_200_400_wc50.key does not exist!
Input file /home/andrew91411/CPU_2DES/2d_input/key_200_500_wc50.key does not exist!
Input file /home/andrew91411/CPU_2DES/2d_input/key_210_0_wc50.key does not exist!
Input file /home/andrew91411/CPU_2DES/2d_input/key_210_100_wc50.key does not exist!
Input file /home/andrew91411/CPU_2DES/2d_input/key_210_200_wc50.key does not exist!
Input file /home/andrew91411/CPU_2DES/2d_input/key_210_300_wc50.key does not exist!
Input file /home/andrew91411/CPU_2DES/2d_input/key_210_400_wc50.key does not exist!
Input file /home/andrew91411/CPU_2DES/2d_input/key_210_500_wc50.key does not exist!
Input file /home/andrew91411/CPU_2DES/2d_input/key_220_0_wc50.key does not exist!
Input file /home/andrew91411/CPU_2DES/2d_input/key_220_100_wc50.key does not exist!
Input file /home/andrew91411/CPU_2DES/2d_input/key_220_200_wc50.key does not exist!
Input file /home/andrew91411/CPU_2DES/2d_input/key_220_300_wc50.key does not exist!
Input file /home/andrew91411/CPU_2DES/2d_input/key_220_400_wc50.key does not exist!
Input file /home/andrew91411/CPU_2DES/2d_input/key_220_500_wc50.key does not exist!
Input file /home/andrew91411/CPU_2DES/2d_input/key_230_0_wc50.key does not exist!
Input file /home/andrew91411/CPU_2DES/2d_input/key_230_100_wc50.key does not exist!
Input file /home/andrew91411/CPU_2DES/2d_input/key_230_200_wc50.key does not exist!
Input file /home/andrew91411/CPU_2DES/2d_input/key_230_300_wc50.key does not exist!
Input file /home/andrew91411/CPU_2DES/2d_input/key_230_400_wc50.key does not exist!
Input file /home/andrew91411/CPU_2DES/2d_input/key_230_500_wc50.key does not exist!
Input file /home/andrew91411/CPU_2DES/2d_input/key_240_0_wc50.key does not exist!
Input file /home/andrew91411/CPU_2DES/2d_input/key_240_100_wc50.key does not exist!
Input file /home/andrew91411/CPU_2DES/2d_input/key_240_200_wc50.key does not exist!
Input file /home/andrew91411/CPU_2DES/2d_input/key_240_300_wc50.key does not exist!
Input file /home/andrew91411/CPU_2DES/2d_input/key_240_400_wc50.key does not exist!
Input file /home/andrew91411/CPU_2DES/2d_input/key_240_500_wc50.key does not exist!
Input file /home/andrew91411/CPU_2DES/2d_input/key_250_0_wc50.key does not exist!
Input file /home/andrew91411/CPU_2DES/2d_input/key_250_100_wc50.key does not exist!
Input file /home/andrew91411/CPU_2DES/2d_input/key_250_200_wc50.key does not exist!
Input file /home/andrew91411/CPU_2DES/2d_input/key_250_300_wc50.key does not exist!
Input file /home/andrew91411/CPU_2DES/2d_input/key_250_400_wc50.key does not exist!
Input file /home/andrew91411/CPU_2DES/2d_input/key_250_500_wc50.key does not exist!
Input file /home/andrew91411/CPU_2DES/2d_input/key_260_0_wc50.key does not exist!
Input file /home/andrew91411/CPU_2DES/2d_input/key_260_100_wc50.key does not exist!
Input file /home/andrew91411/CPU_2DES/2d_input/key_260_200_wc50.key does not exist!
Input file /home/andrew91411/CPU_2DES/2d_input/key_260_300_wc50.key does not exist!
Input file /home/andrew91411/CPU_2DES/2d_input/key_260_400_wc50.key does not exist!
Input file /home/andrew91411/CPU_2DES/2d_input/key_260_500_wc50.key does not exist!
Input file /home/andrew91411/CPU_2DES/2d_input/key_270_0_wc50.key does not exist!
Input file /home/andrew91411/CPU_2DES/2d_input/key_270_100_wc50.key does not exist!
Input file /home/andrew91411/CPU_2DES/2d_input/key_270_200_wc50.key does not exist!
Input file /home/andrew91411/CPU_2DES/2d_input/key_270_300_wc50.key does not exist!
Input file /home/andrew91411/CPU_2DES/2d_input/key_270_400_wc50.key does not exist!
Input file /home/andrew91411/CPU_2DES/2d_input/key_270_500_wc50.key does not exist!
Input file /home/andrew91411/CPU_2DES/2d_input/key_280_0_wc50.key does not exist!
Input file /home/andrew91411/CPU_2DES/2d_input/key_280_100_wc50.key does not exist!
Input file /home/andrew91411/CPU_2DES/2d_input/key_280_200_wc50.key does not exist!
Input file /home/andrew91411/CPU_2DES/2d_input/key_280_300_wc50.key does not exist!
Input file /home/andrew91411/CPU_2DES/2d_input/key_280_400_wc50.key does not exist!
Input file /home/andrew91411/CPU_2DES/2d_input/key_280_500_wc50.key does not exist!
Input file /home/andrew91411/CPU_2DES/2d_input/key_290_0_wc50.key does not exist!
Input file /home/andrew91411/CPU_2DES/2d_input/key_290_100_wc50.key does not exist!
Input file /home/andrew91411/CPU_2DES/2d_input/key_290_200_wc50.key does not exist!
Input file /home/andrew91411/CPU_2DES/2d_input/key_290_300_wc50.key does not exist!
Input file /home/andrew91411/CPU_2DES/2d_input/key_290_400_wc50.key does not exist!
Input file /home/andrew91411/CPU_2DES/2d_input/key_290_500_wc50.key does not exist!
Input file /home/andrew91411/CPU_2DES/2d_input/key_300_0_wc50.key does not exist!
Input file /home/andrew91411/CPU_2DES/2d_input/key_300_100_wc50.key does not exist!
Input file /home/andrew91411/CPU_2DES/2d_input/key_300_200_wc50.key does not exist!
Input file /home/andrew91411/CPU_2DES/2d_input/key_300_300_wc50.key does not exist!
Input file /home/andrew91411/CPU_2DES/2d_input/key_300_400_wc50.key does not exist!
Input file /home/andrew91411/CPU_2DES/2d_input/key_300_500_wc50.key does not exist!
Input file /home/andrew91411/CPU_2DES/2d_input/key_310_0_wc50.key does not exist!
Input file /home/andrew91411/CPU_2DES/2d_input/key_310_100_wc50.key does not exist!
Input file /home/andrew91411/CPU_2DES/2d_input/key_310_200_wc50.key does not exist!
Input file /home/andrew91411/CPU_2DES/2d_input/key_310_300_wc50.key does not exist!
Input file /home/andrew91411/CPU_2DES/2d_input/key_310_400_wc50.key does not exist!
Input file /home/andrew91411/CPU_2DES/2d_input/key_310_500_wc50.key does not exist!
Input file /home/andrew91411/CPU_2DES/2d_input/key_320_0_wc50.key does not exist!
Input file /home/andrew91411/CPU_2DES/2d_input/key_320_100_wc50.key does not exist!
Input file /home/andrew91411/CPU_2DES/2d_input/key_320_200_wc50.key does not exist!
Input file /home/andrew91411/CPU_2DES/2d_input/key_320_300_wc50.key does not exist!
Input file /home/andrew91411/CPU_2DES/2d_input/key_320_400_wc50.key does not exist!
Input file /home/andrew91411/CPU_2DES/2d_input/key_320_500_wc50.key does not exist!
Input file /home/andrew91411/CPU_2DES/2d_input/key_330_0_wc50.key does not exist!
Input file /home/andrew91411/CPU_2DES/2d_input/key_330_100_wc50.key does not exist!
Input file /home/andrew91411/CPU_2DES/2d_input/key_330_200_wc50.key does not exist!
Input file /home/andrew91411/CPU_2DES/2d_input/key_330_300_wc50.key does not exist!
Input file /home/andrew91411/CPU_2DES/2d_input/key_330_400_wc50.key does not exist!
Input file /home/andrew91411/CPU_2DES/2d_input/key_330_500_wc50.key does not exist!
Input file /home/andrew91411/CPU_2DES/2d_input/key_340_0_wc50.key does not exist!
Input file /home/andrew91411/CPU_2DES/2d_input/key_340_100_wc50.key does not exist!
Input file /home/andrew91411/CPU_2DES/2d_input/key_340_200_wc50.key does not exist!
Input file /home/andrew91411/CPU_2DES/2d_input/key_340_300_wc50.key does not exist!
Input file /home/andrew91411/CPU_2DES/2d_input/key_340_400_wc50.key does not exist!
Input file /home/andrew91411/CPU_2DES/2d_input/key_340_500_wc50.key does not exist!
Input file /home/andrew91411/CPU_2DES/2d_input/key_350_0_wc50.key does not exist!
Input file /home/andrew91411/CPU_2DES/2d_input/key_350_100_wc50.key does not exist!
Input file /home/andrew91411/CPU_2DES/2d_input/key_350_200_wc50.key does not exist!
Input file /home/andrew91411/CPU_2DES/2d_input/key_350_300_wc50.key does not exist!
Input file /home/andrew91411/CPU_2DES/2d_input/key_350_400_wc50.key does not exist!
Input file /home/andrew91411/CPU_2DES/2d_input/key_350_500_wc50.key does not exist!
Input file /home/andrew91411/CPU_2DES/2d_input/key_360_0_wc50.key does not exist!
Input file /home/andrew91411/CPU_2DES/2d_input/key_360_100_wc50.key does not exist!
Input file /home/andrew91411/CPU_2DES/2d_input/key_360_200_wc50.key does not exist!
Input file /home/andrew91411/CPU_2DES/2d_input/key_360_300_wc50.key does not exist!
Input file /home/andrew91411/CPU_2DES/2d_input/key_360_400_wc50.key does not exist!
Input file /home/andrew91411/CPU_2DES/2d_input/key_360_500_wc50.key does not exist!
Input file /home/andrew91411/CPU_2DES/2d_input/key_370_0_wc50.key does not exist!
Input file /home/andrew91411/CPU_2DES/2d_input/key_370_100_wc50.key does not exist!
Input file /home/andrew91411/CPU_2DES/2d_input/key_370_200_wc50.key does not exist!
Input file /home/andrew91411/CPU_2DES/2d_input/key_370_300_wc50.key does not exist!
Input file /home/andrew91411/CPU_2DES/2d_input/key_370_400_wc50.key does not exist!
Input file /home/andrew91411/CPU_2DES/2d_input/key_370_500_wc50.key does not exist!
Input file /home/andrew91411/CPU_2DES/2d_input/key_380_0_wc50.key does not exist!
Input file /home/andrew91411/CPU_2DES/2d_input/key_380_100_wc50.key does not exist!
Input file /home/andrew91411/CPU_2DES/2d_input/key_380_200_wc50.key does not exist!
Input file /home/andrew91411/CPU_2DES/2d_input/key_380_300_wc50.key does not exist!
Input file /home/andrew91411/CPU_2DES/2d_input/key_380_400_wc50.key does not exist!
Input file /home/andrew91411/CPU_2DES/2d_input/key_380_500_wc50.key does not exist!
Input file /home/andrew91411/CPU_2DES/2d_input/key_390_0_wc50.key does not exist!
Input file /home/andrew91411/CPU_2DES/2d_input/key_390_100_wc50.key does not exist!
Input file /home/andrew91411/CPU_2DES/2d_input/key_390_200_wc50.key does not exist!
Input file /home/andrew91411/CPU_2DES/2d_input/key_390_300_wc50.key does not exist!
Input file /home/andrew91411/CPU_2DES/2d_input/key_390_400_wc50.key does not exist!
Input file /home/andrew91411/CPU_2DES/2d_input/key_390_500_wc50.key does not exist!
Input file /home/andrew91411/CPU_2DES/2d_input/key_400_0_wc50.key does not exist!
Input file /home/andrew91411/CPU_2DES/2d_input/key_400_100_wc50.key does not exist!
Input file /home/andrew91411/CPU_2DES/2d_input/key_400_200_wc50.key does not exist!
Input file /home/andrew91411/CPU_2DES/2d_input/key_400_300_wc50.key does not exist!
Input file /home/andrew91411/CPU_2DES/2d_input/key_400_400_wc50.key does not exist!
Input file /home/andrew91411/CPU_2DES/2d_input/key_400_500_wc50.key does not exist!
Input file /home/andrew91411/CPU_2DES/2d_input/key_410_0_wc50.key does not exist!
Input file /home/andrew91411/CPU_2DES/2d_input/key_410_100_wc50.key does not exist!
Input file /home/andrew91411/CPU_2DES/2d_input/key_410_200_wc50.key does not exist!
Input file /home/andrew91411/CPU_2DES/2d_input/key_410_300_wc50.key does not exist!
Input file /home/andrew91411/CPU_2DES/2d_input/key_410_400_wc50.key does not exist!
Input file /home/andrew91411/CPU_2DES/2d_input/key_410_500_wc50.key does not exist!
Input file /home/andrew91411/CPU_2DES/2d_input/key_420_0_wc50.key does not exist!
Input file /home/andrew91411/CPU_2DES/2d_input/key_420_100_wc50.key does not exist!
Input file /home/andrew91411/CPU_2DES/2d_input/key_420_200_wc50.key does not exist!
Input file /home/andrew91411/CPU_2DES/2d_input/key_420_300_wc50.key does not exist!
Input file /home/andrew91411/CPU_2DES/2d_input/key_420_400_wc50.key does not exist!
Input file /home/andrew91411/CPU_2DES/2d_input/key_420_500_wc50.key does not exist!
Input file /home/andrew91411/CPU_2DES/2d_input/key_430_0_wc50.key does not exist!
Input file /home/andrew91411/CPU_2DES/2d_input/key_430_100_wc50.key does not exist!
Input file /home/andrew91411/CPU_2DES/2d_input/key_430_200_wc50.key does not exist!
Input file /home/andrew91411/CPU_2DES/2d_input/key_430_300_wc50.key does not exist!
Input file /home/andrew91411/CPU_2DES/2d_input/key_430_400_wc50.key does not exist!
Input file /home/andrew91411/CPU_2DES/2d_input/key_430_500_wc50.key does not exist!
Input file /home/andrew91411/CPU_2DES/2d_input/key_440_0_wc50.key does not exist!
Input file /home/andrew91411/CPU_2DES/2d_input/key_440_100_wc50.key does not exist!
Input file /home/andrew91411/CPU_2DES/2d_input/key_440_200_wc50.key does not exist!
Input file /home/andrew91411/CPU_2DES/2d_input/key_440_300_wc50.key does not exist!
Input file /home/andrew91411/CPU_2DES/2d_input/key_440_400_wc50.key does not exist!
Input file /home/andrew91411/CPU_2DES/2d_input/key_440_500_wc50.key does not exist!
Input file /home/andrew91411/CPU_2DES/2d_input/key_450_0_wc50.key does not exist!
Input file /home/andrew91411/CPU_2DES/2d_input/key_450_100_wc50.key does not exist!
Input file /home/andrew91411/CPU_2DES/2d_input/key_450_200_wc50.key does not exist!
Input file /home/andrew91411/CPU_2DES/2d_input/key_450_300_wc50.key does not exist!
Input file /home/andrew91411/CPU_2DES/2d_input/key_450_400_wc50.key does not exist!
Input file /home/andrew91411/CPU_2DES/2d_input/key_450_500_wc50.key does not exist!
Input file /home/andrew91411/CPU_2DES/2d_input/key_460_0_wc50.key does not exist!
Input file /home/andrew91411/CPU_2DES/2d_input/key_460_100_wc50.key does not exist!
Input file /home/andrew91411/CPU_2DES/2d_input/key_460_200_wc50.key does not exist!
Input file /home/andrew91411/CPU_2DES/2d_input/key_460_300_wc50.key does not exist!
Input file /home/andrew91411/CPU_2DES/2d_input/key_460_400_wc50.key does not exist!
Input file /home/andrew91411/CPU_2DES/2d_input/key_460_500_wc50.key does not exist!
Input file /home/andrew91411/CPU_2DES/2d_input/key_470_0_wc50.key does not exist!
Input file /home/andrew91411/CPU_2DES/2d_input/key_470_100_wc50.key does not exist!
Input file /home/andrew91411/CPU_2DES/2d_input/key_470_200_wc50.key does not exist!
Input file /home/andrew91411/CPU_2DES/2d_input/key_470_300_wc50.key does not exist!
Input file /home/andrew91411/CPU_2DES/2d_input/key_470_400_wc50.key does not exist!
Input file /home/andrew91411/CPU_2DES/2d_input/key_470_500_wc50.key does not exist!
Input file /home/andrew91411/CPU_2DES/2d_input/key_480_0_wc50.key does not exist!
Input file /home/andrew91411/CPU_2DES/2d_input/key_480_100_wc50.key does not exist!
Input file /home/andrew91411/CPU_2DES/2d_input/key_480_200_wc50.key does not exist!
Input file /home/andrew91411/CPU_2DES/2d_input/key_480_300_wc50.key does not exist!
Input file /home/andrew91411/CPU_2DES/2d_input/key_480_400_wc50.key does not exist!
Input file /home/andrew91411/CPU_2DES/2d_input/key_480_500_wc50.key does not exist!
Input file /home/andrew91411/CPU_2DES/2d_input/key_490_0_wc50.key does not exist!
Input file /home/andrew91411/CPU_2DES/2d_input/key_490_100_wc50.key does not exist!
Input file /home/andrew91411/CPU_2DES/2d_input/key_490_200_wc50.key does not exist!
Input file /home/andrew91411/CPU_2DES/2d_input/key_490_300_wc50.key does not exist!
Input file /home/andrew91411/CPU_2DES/2d_input/key_490_400_wc50.key does not exist!
Input file /home/andrew91411/CPU_2DES/2d_input/key_490_500_wc50.key does not exist!
Input file /home/andrew91411/CPU_2DES/2d_input/key_500_0_wc50.key does not exist!
Input file /home/andrew91411/CPU_2DES/2d_input/key_500_100_wc50.key does not exist!
Input file /home/andrew91411/CPU_2DES/2d_input/key_500_200_wc50.key does not exist!
Input file /home/andrew91411/CPU_2DES/2d_input/key_500_300_wc50.key does not exist!
Input file /home/andrew91411/CPU_2DES/2d_input/key_500_400_wc50.key does not exist!
Input file /home/andrew91411/CPU_2DES/2d_input/key_500_500_wc50.key does not exist!
Input file /home/andrew91411/CPU_2DES/2d_input/key_510_0_wc50.key does not exist!
Input file /home/andrew91411/CPU_2DES/2d_input/key_510_100_wc50.key does not exist!
Input file /home/andrew91411/CPU_2DES/2d_input/key_510_200_wc50.key does not exist!
Input file /home/andrew91411/CPU_2DES/2d_input/key_510_300_wc50.key does not exist!
Input file /home/andrew91411/CPU_2DES/2d_input/key_510_400_wc50.key does not exist!
Input file /home/andrew91411/CPU_2DES/2d_input/key_510_500_wc50.key does not exist!
Input file /home/andrew91411/CPU_2DES/2d_input/key_520_0_wc50.key does not exist!
Input file /home/andrew91411/CPU_2DES/2d_input/key_520_100_wc50.key does not exist!
Input file /home/andrew91411/CPU_2DES/2d_input/key_520_200_wc50.key does not exist!
Input file /home/andrew91411/CPU_2DES/2d_input/key_520_300_wc50.key does not exist!
Input file /home/andrew91411/CPU_2DES/2d_input/key_520_400_wc50.key does not exist!
Input file /home/andrew91411/CPU_2DES/2d_input/key_520_500_wc50.key does not exist!
Input file /home/andrew91411/CPU_2DES/2d_input/key_530_0_wc50.key does not exist!
Input file /home/andrew91411/CPU_2DES/2d_input/key_530_100_wc50.key does not exist!
Input file /home/andrew91411/CPU_2DES/2d_input/key_530_200_wc50.key does not exist!
Input file /home/andrew91411/CPU_2DES/2d_input/key_530_300_wc50.key does not exist!
Input file /home/andrew91411/CPU_2DES/2d_input/key_530_400_wc50.key does not exist!
Input file /home/andrew91411/CPU_2DES/2d_input/key_530_500_wc50.key does not exist!
Input file /home/andrew91411/CPU_2DES/2d_input/key_540_0_wc50.key does not exist!
Input file /home/andrew91411/CPU_2DES/2d_input/key_540_100_wc50.key does not exist!
Input file /home/andrew91411/CPU_2DES/2d_input/key_540_200_wc50.key does not exist!
Input file /home/andrew91411/CPU_2DES/2d_input/key_540_300_wc50.key does not exist!
Input file /home/andrew91411/CPU_2DES/2d_input/key_540_400_wc50.key does not exist!
Input file /home/andrew91411/CPU_2DES/2d_input/key_540_500_wc50.key does not exist!
Input file /home/andrew91411/CPU_2DES/2d_input/key_550_0_wc50.key does not exist!
Input file /home/andrew91411/CPU_2DES/2d_input/key_550_100_wc50.key does not exist!
Input file /home/andrew91411/CPU_2DES/2d_input/key_550_200_wc50.key does not exist!
Input file /home/andrew91411/CPU_2DES/2d_input/key_550_300_wc50.key does not exist!
Input file /home/andrew91411/CPU_2DES/2d_input/key_550_400_wc50.key does not exist!
Input file /home/andrew91411/CPU_2DES/2d_input/key_550_500_wc50.key does not exist!
Input file /home/andrew91411/CPU_2DES/2d_input/key_560_0_wc50.key does not exist!
Input file /home/andrew91411/CPU_2DES/2d_input/key_560_100_wc50.key does not exist!
Input file /home/andrew91411/CPU_2DES/2d_input/key_560_200_wc50.key does not exist!
Input file /home/andrew91411/CPU_2DES/2d_input/key_560_300_wc50.key does not exist!
Input file /home/andrew91411/CPU_2DES/2d_input/key_560_400_wc50.key does not exist!
Input file /home/andrew91411/CPU_2DES/2d_input/key_560_500_wc50.key does not exist!
Input file /home/andrew91411/CPU_2DES/2d_input/key_570_0_wc50.key does not exist!
Input file /home/andrew91411/CPU_2DES/2d_input/key_570_100_wc50.key does not exist!
Input file /home/andrew91411/CPU_2DES/2d_input/key_570_200_wc50.key does not exist!
Input file /home/andrew91411/CPU_2DES/2d_input/key_570_300_wc50.key does not exist!
Input file /home/andrew91411/CPU_2DES/2d_input/key_570_400_wc50.key does not exist!
Input file /home/andrew91411/CPU_2DES/2d_input/key_570_500_wc50.key does not exist!
Input file /home/andrew91411/CPU_2DES/2d_input/key_580_0_wc50.key does not exist!
Input file /home/andrew91411/CPU_2DES/2d_input/key_580_100_wc50.key does not exist!
Input file /home/andrew91411/CPU_2DES/2d_input/key_580_200_wc50.key does not exist!
Input file /home/andrew91411/CPU_2DES/2d_input/key_580_300_wc50.key does not exist!
Input file /home/andrew91411/CPU_2DES/2d_input/key_580_400_wc50.key does not exist!
Input file /home/andrew91411/CPU_2DES/2d_input/key_580_500_wc50.key does not exist!
Input file /home/andrew91411/CPU_2DES/2d_input/key_590_0_wc50.key does not exist!
Input file /home/andrew91411/CPU_2DES/2d_input/key_590_100_wc50.key does not exist!
Input file /home/andrew91411/CPU_2DES/2d_input/key_590_200_wc50.key does not exist!
Input file /home/andrew91411/CPU_2DES/2d_input/key_590_300_wc50.key does not exist!
Input file /home/andrew91411/CPU_2DES/2d_input/key_590_400_wc50.key does not exist!
Input file /home/andrew91411/CPU_2DES/2d_input/key_590_500_wc50.key does not exist!
Input file /home/andrew91411/CPU_2DES/2d_input/key_600_0_wc50.key does not exist!
Input file /home/andrew91411/CPU_2DES/2d_input/key_600_100_wc50.key does not exist!
Input file /home/andrew91411/CPU_2DES/2d_input/key_600_200_wc50.key does not exist!
Input file /home/andrew91411/CPU_2DES/2d_input/key_600_300_wc50.key does not exist!
Input file /home/andrew91411/CPU_2DES/2d_input/key_600_400_wc50.key does not exist!
Input file /home/andrew91411/CPU_2DES/2d_input/key_600_500_wc50.key does not exist!
Input file /home/andrew91411/CPU_2DES/2d_input/key_0_0_wc50.key does not exist!
Input file /home/andrew91411/CPU_2DES/2d_input/key_0_100_wc50.key does not exist!
Input file /home/andrew91411/CPU_2DES/2d_input/key_0_200_wc50.key does not exist!
Input file /home/andrew91411/CPU_2DES/2d_input/key_0_300_wc50.key does not exist!
Input file /home/andrew91411/CPU_2DES/2d_input/key_0_400_wc50.key does not exist!
Input file /home/andrew91411/CPU_2DES/2d_input/key_0_500_wc50.key does not exist!
Input file /home/andrew91411/CPU_2DES/2d_input/key_0_0_wc50.key does not exist!
Input file /home/andrew91411/CPU_2DES/2d_input/key_0_100_wc50.key does not exist!
Input file /home/andrew91411/CPU_2DES/2d_input/key_0_200_wc50.key does not exist!
Input file /home/andrew91411/CPU_2DES/2d_input/key_0_300_wc50.key does not exist!
Input file /home/andrew91411/CPU_2DES/2d_input/key_0_400_wc50.key does not exist!
Input file /home/andrew91411/CPU_2DES/2d_input/key_0_500_wc50.key does not exist!
Input file /home/andrew91411/CPU_2DES/2d_input/key_10_0_wc50.key does not exist!
Input file /home/andrew91411/CPU_2DES/2d_input/key_10_100_wc50.key does not exist!
Input file /home/andrew91411/CPU_2DES/2d_input/key_10_200_wc50.key does not exist!
Input file /home/andrew91411/CPU_2DES/2d_input/key_10_300_wc50.key does not exist!
Input file /home/andrew91411/CPU_2DES/2d_input/key_10_400_wc50.key does not exist!
Input file /home/andrew91411/CPU_2DES/2d_input/key_10_500_wc50.key does not exist!
